{"C:\\Users\\McCharley Okafor\\Desktop\\maintenance-tracker\\Maintenance-tracker\\server\\tests\\admin.js":{"path":"C:\\Users\\McCharley Okafor\\Desktop\\maintenance-tracker\\Maintenance-tracker\\server\\tests\\admin.js","statementMap":{"0":{"start":{"line":3,"column":16},"end":{"line":3,"column":36}},"1":{"start":{"line":5,"column":17},"end":{"line":5,"column":50}},"2":{"start":{"line":7,"column":12},"end":{"line":7,"column":27}},"3":{"start":{"line":9,"column":13},"end":{"line":9,"column":42}},"4":{"start":{"line":11,"column":11},"end":{"line":11,"column":28}},"5":{"start":{"line":13,"column":12},"end":{"line":13,"column":40}},"6":{"start":{"line":15,"column":39},"end":{"line":15,"column":93}},"7":{"start":{"line":17,"column":13},"end":{"line":17,"column":34}},"8":{"start":{"line":19,"column":0},"end":{"line":19,"column":39}},"9":{"start":{"line":21,"column":16},"end":{"line":21,"column":22}},"10":{"start":{"line":22,"column":15},"end":{"line":22,"column":33}},"11":{"start":{"line":23,"column":17},"end":{"line":23,"column":37}},"12":{"start":{"line":24,"column":18},"end":{"line":27,"column":1}},"13":{"start":{"line":29,"column":0},"end":{"line":148,"column":3}},"14":{"start":{"line":30,"column":2},"end":{"line":35,"column":5}},"15":{"start":{"line":31,"column":4},"end":{"line":34,"column":7}},"16":{"start":{"line":32,"column":6},"end":{"line":32,"column":38}},"17":{"start":{"line":33,"column":6},"end":{"line":33,"column":13}},"18":{"start":{"line":36,"column":2},"end":{"line":57,"column":5}},"19":{"start":{"line":37,"column":4},"end":{"line":47,"column":7}},"20":{"start":{"line":38,"column":6},"end":{"line":46,"column":9}},"21":{"start":{"line":39,"column":8},"end":{"line":39,"column":40}},"22":{"start":{"line":40,"column":8},"end":{"line":40,"column":44}},"23":{"start":{"line":41,"column":8},"end":{"line":41,"column":50}},"24":{"start":{"line":42,"column":8},"end":{"line":42,"column":58}},"25":{"start":{"line":43,"column":8},"end":{"line":43,"column":77}},"26":{"start":{"line":44,"column":8},"end":{"line":44,"column":55}},"27":{"start":{"line":45,"column":8},"end":{"line":45,"column":15}},"28":{"start":{"line":48,"column":4},"end":{"line":56,"column":7}},"29":{"start":{"line":49,"column":6},"end":{"line":55,"column":9}},"30":{"start":{"line":50,"column":8},"end":{"line":50,"column":40}},"31":{"start":{"line":51,"column":8},"end":{"line":51,"column":44}},"32":{"start":{"line":52,"column":8},"end":{"line":52,"column":73}},"33":{"start":{"line":53,"column":8},"end":{"line":53,"column":52}},"34":{"start":{"line":54,"column":8},"end":{"line":54,"column":15}},"35":{"start":{"line":58,"column":2},"end":{"line":87,"column":5}},"36":{"start":{"line":59,"column":4},"end":{"line":69,"column":7}},"37":{"start":{"line":60,"column":6},"end":{"line":68,"column":9}},"38":{"start":{"line":61,"column":8},"end":{"line":61,"column":41}},"39":{"start":{"line":62,"column":8},"end":{"line":62,"column":44}},"40":{"start":{"line":63,"column":8},"end":{"line":63,"column":50}},"41":{"start":{"line":64,"column":8},"end":{"line":64,"column":58}},"42":{"start":{"line":65,"column":8},"end":{"line":65,"column":75}},"43":{"start":{"line":66,"column":8},"end":{"line":66,"column":55}},"44":{"start":{"line":67,"column":8},"end":{"line":67,"column":15}},"45":{"start":{"line":70,"column":4},"end":{"line":78,"column":7}},"46":{"start":{"line":71,"column":6},"end":{"line":77,"column":9}},"47":{"start":{"line":72,"column":8},"end":{"line":72,"column":41}},"48":{"start":{"line":73,"column":8},"end":{"line":73,"column":44}},"49":{"start":{"line":74,"column":8},"end":{"line":74,"column":73}},"50":{"start":{"line":75,"column":8},"end":{"line":75,"column":52}},"51":{"start":{"line":76,"column":8},"end":{"line":76,"column":15}},"52":{"start":{"line":79,"column":4},"end":{"line":86,"column":7}},"53":{"start":{"line":80,"column":6},"end":{"line":85,"column":9}},"54":{"start":{"line":81,"column":8},"end":{"line":81,"column":40}},"55":{"start":{"line":82,"column":8},"end":{"line":82,"column":44}},"56":{"start":{"line":83,"column":8},"end":{"line":83,"column":81}},"57":{"start":{"line":84,"column":8},"end":{"line":84,"column":15}},"58":{"start":{"line":88,"column":2},"end":{"line":117,"column":5}},"59":{"start":{"line":89,"column":4},"end":{"line":97,"column":7}},"60":{"start":{"line":90,"column":6},"end":{"line":96,"column":9}},"61":{"start":{"line":91,"column":8},"end":{"line":91,"column":41}},"62":{"start":{"line":92,"column":8},"end":{"line":92,"column":44}},"63":{"start":{"line":93,"column":8},"end":{"line":93,"column":73}},"64":{"start":{"line":94,"column":8},"end":{"line":94,"column":52}},"65":{"start":{"line":95,"column":8},"end":{"line":95,"column":15}},"66":{"start":{"line":98,"column":4},"end":{"line":105,"column":7}},"67":{"start":{"line":99,"column":6},"end":{"line":104,"column":9}},"68":{"start":{"line":100,"column":8},"end":{"line":100,"column":40}},"69":{"start":{"line":101,"column":8},"end":{"line":101,"column":44}},"70":{"start":{"line":102,"column":8},"end":{"line":102,"column":81}},"71":{"start":{"line":103,"column":8},"end":{"line":103,"column":15}},"72":{"start":{"line":106,"column":4},"end":{"line":116,"column":7}},"73":{"start":{"line":107,"column":6},"end":{"line":115,"column":9}},"74":{"start":{"line":108,"column":8},"end":{"line":108,"column":41}},"75":{"start":{"line":109,"column":8},"end":{"line":109,"column":44}},"76":{"start":{"line":110,"column":8},"end":{"line":110,"column":50}},"77":{"start":{"line":111,"column":8},"end":{"line":111,"column":58}},"78":{"start":{"line":112,"column":8},"end":{"line":112,"column":78}},"79":{"start":{"line":113,"column":8},"end":{"line":113,"column":55}},"80":{"start":{"line":114,"column":8},"end":{"line":114,"column":15}},"81":{"start":{"line":118,"column":2},"end":{"line":147,"column":5}},"82":{"start":{"line":119,"column":4},"end":{"line":127,"column":7}},"83":{"start":{"line":120,"column":6},"end":{"line":126,"column":9}},"84":{"start":{"line":121,"column":8},"end":{"line":121,"column":41}},"85":{"start":{"line":122,"column":8},"end":{"line":122,"column":44}},"86":{"start":{"line":123,"column":8},"end":{"line":123,"column":73}},"87":{"start":{"line":124,"column":8},"end":{"line":124,"column":52}},"88":{"start":{"line":125,"column":8},"end":{"line":125,"column":15}},"89":{"start":{"line":128,"column":4},"end":{"line":135,"column":7}},"90":{"start":{"line":129,"column":6},"end":{"line":134,"column":9}},"91":{"start":{"line":130,"column":8},"end":{"line":130,"column":40}},"92":{"start":{"line":131,"column":8},"end":{"line":131,"column":44}},"93":{"start":{"line":132,"column":8},"end":{"line":132,"column":81}},"94":{"start":{"line":133,"column":8},"end":{"line":133,"column":15}},"95":{"start":{"line":136,"column":4},"end":{"line":146,"column":7}},"96":{"start":{"line":137,"column":6},"end":{"line":145,"column":9}},"97":{"start":{"line":138,"column":8},"end":{"line":138,"column":41}},"98":{"start":{"line":139,"column":8},"end":{"line":139,"column":44}},"99":{"start":{"line":140,"column":8},"end":{"line":140,"column":50}},"100":{"start":{"line":141,"column":8},"end":{"line":141,"column":58}},"101":{"start":{"line":142,"column":8},"end":{"line":142,"column":75}},"102":{"start":{"line":143,"column":8},"end":{"line":143,"column":55}},"103":{"start":{"line":144,"column":8},"end":{"line":144,"column":15}}},"fnMap":{"0":{"name":"_interopRequireDefault","decl":{"start":{"line":15,"column":9},"end":{"line":15,"column":31}},"loc":{"start":{"line":15,"column":37},"end":{"line":15,"column":95}},"line":15},"1":{"name":"(anonymous_1)","decl":{"start":{"line":29,"column":29},"end":{"line":29,"column":30}},"loc":{"start":{"line":29,"column":41},"end":{"line":148,"column":1}},"line":29},"2":{"name":"(anonymous_2)","decl":{"start":{"line":30,"column":9},"end":{"line":30,"column":10}},"loc":{"start":{"line":30,"column":25},"end":{"line":35,"column":3}},"line":30},"3":{"name":"(anonymous_3)","decl":{"start":{"line":31,"column":86},"end":{"line":31,"column":87}},"loc":{"start":{"line":31,"column":106},"end":{"line":34,"column":5}},"line":31},"4":{"name":"(anonymous_4)","decl":{"start":{"line":36,"column":35},"end":{"line":36,"column":36}},"loc":{"start":{"line":36,"column":47},"end":{"line":57,"column":3}},"line":36},"5":{"name":"(anonymous_5)","decl":{"start":{"line":37,"column":64},"end":{"line":37,"column":65}},"loc":{"start":{"line":37,"column":80},"end":{"line":47,"column":5}},"line":37},"6":{"name":"(anonymous_6)","decl":{"start":{"line":38,"column":91},"end":{"line":38,"column":92}},"loc":{"start":{"line":38,"column":111},"end":{"line":46,"column":7}},"line":38},"7":{"name":"(anonymous_7)","decl":{"start":{"line":48,"column":72},"end":{"line":48,"column":73}},"loc":{"start":{"line":48,"column":88},"end":{"line":56,"column":5}},"line":48},"8":{"name":"(anonymous_8)","decl":{"start":{"line":49,"column":67},"end":{"line":49,"column":68}},"loc":{"start":{"line":49,"column":87},"end":{"line":55,"column":7}},"line":49},"9":{"name":"(anonymous_9)","decl":{"start":{"line":58,"column":47},"end":{"line":58,"column":48}},"loc":{"start":{"line":58,"column":59},"end":{"line":87,"column":3}},"line":58},"10":{"name":"(anonymous_10)","decl":{"start":{"line":59,"column":67},"end":{"line":59,"column":68}},"loc":{"start":{"line":59,"column":83},"end":{"line":69,"column":5}},"line":59},"11":{"name":"(anonymous_11)","decl":{"start":{"line":60,"column":106},"end":{"line":60,"column":107}},"loc":{"start":{"line":60,"column":126},"end":{"line":68,"column":7}},"line":60},"12":{"name":"(anonymous_12)","decl":{"start":{"line":70,"column":56},"end":{"line":70,"column":57}},"loc":{"start":{"line":70,"column":72},"end":{"line":78,"column":5}},"line":70},"13":{"name":"(anonymous_13)","decl":{"start":{"line":71,"column":82},"end":{"line":71,"column":83}},"loc":{"start":{"line":71,"column":102},"end":{"line":77,"column":7}},"line":71},"14":{"name":"(anonymous_14)","decl":{"start":{"line":79,"column":65},"end":{"line":79,"column":66}},"loc":{"start":{"line":79,"column":81},"end":{"line":86,"column":5}},"line":79},"15":{"name":"(anonymous_15)","decl":{"start":{"line":80,"column":108},"end":{"line":80,"column":109}},"loc":{"start":{"line":80,"column":128},"end":{"line":85,"column":7}},"line":80},"16":{"name":"(anonymous_16)","decl":{"start":{"line":88,"column":50},"end":{"line":88,"column":51}},"loc":{"start":{"line":88,"column":62},"end":{"line":117,"column":3}},"line":88},"17":{"name":"(anonymous_17)","decl":{"start":{"line":89,"column":59},"end":{"line":89,"column":60}},"loc":{"start":{"line":89,"column":75},"end":{"line":97,"column":5}},"line":89},"18":{"name":"(anonymous_18)","decl":{"start":{"line":90,"column":85},"end":{"line":90,"column":86}},"loc":{"start":{"line":90,"column":105},"end":{"line":96,"column":7}},"line":90},"19":{"name":"(anonymous_19)","decl":{"start":{"line":98,"column":69},"end":{"line":98,"column":70}},"loc":{"start":{"line":98,"column":85},"end":{"line":105,"column":5}},"line":98},"20":{"name":"(anonymous_20)","decl":{"start":{"line":99,"column":108},"end":{"line":99,"column":109}},"loc":{"start":{"line":99,"column":128},"end":{"line":104,"column":7}},"line":99},"21":{"name":"(anonymous_21)","decl":{"start":{"line":106,"column":70},"end":{"line":106,"column":71}},"loc":{"start":{"line":106,"column":86},"end":{"line":116,"column":5}},"line":106},"22":{"name":"(anonymous_22)","decl":{"start":{"line":107,"column":109},"end":{"line":107,"column":110}},"loc":{"start":{"line":107,"column":129},"end":{"line":115,"column":7}},"line":107},"23":{"name":"(anonymous_23)","decl":{"start":{"line":118,"column":50},"end":{"line":118,"column":51}},"loc":{"start":{"line":118,"column":62},"end":{"line":147,"column":3}},"line":118},"24":{"name":"(anonymous_24)","decl":{"start":{"line":119,"column":56},"end":{"line":119,"column":57}},"loc":{"start":{"line":119,"column":72},"end":{"line":127,"column":5}},"line":119},"25":{"name":"(anonymous_25)","decl":{"start":{"line":120,"column":82},"end":{"line":120,"column":83}},"loc":{"start":{"line":120,"column":102},"end":{"line":126,"column":7}},"line":120},"26":{"name":"(anonymous_26)","decl":{"start":{"line":128,"column":66},"end":{"line":128,"column":67}},"loc":{"start":{"line":128,"column":82},"end":{"line":135,"column":5}},"line":128},"27":{"name":"(anonymous_27)","decl":{"start":{"line":129,"column":108},"end":{"line":129,"column":109}},"loc":{"start":{"line":129,"column":128},"end":{"line":134,"column":7}},"line":129},"28":{"name":"(anonymous_28)","decl":{"start":{"line":136,"column":67},"end":{"line":136,"column":68}},"loc":{"start":{"line":136,"column":83},"end":{"line":146,"column":5}},"line":136},"29":{"name":"(anonymous_29)","decl":{"start":{"line":137,"column":106},"end":{"line":137,"column":107}},"loc":{"start":{"line":137,"column":126},"end":{"line":145,"column":7}},"line":137}},"branchMap":{"0":{"loc":{"start":{"line":15,"column":46},"end":{"line":15,"column":92}},"type":"cond-expr","locations":[{"start":{"line":15,"column":70},"end":{"line":15,"column":73}},{"start":{"line":15,"column":76},"end":{"line":15,"column":92}}],"line":15},"1":{"loc":{"start":{"line":15,"column":46},"end":{"line":15,"column":67}},"type":"binary-expr","locations":[{"start":{"line":15,"column":46},"end":{"line":15,"column":49}},{"start":{"line":15,"column":53},"end":{"line":15,"column":67}}],"line":15}},"s":{"0":1,"1":1,"2":1,"3":1,"4":1,"5":1,"6":3,"7":1,"8":1,"9":1,"10":1,"11":1,"12":1,"13":1,"14":1,"15":1,"16":1,"17":1,"18":1,"19":1,"20":1,"21":1,"22":1,"23":1,"24":1,"25":1,"26":1,"27":1,"28":1,"29":1,"30":1,"31":1,"32":1,"33":1,"34":1,"35":1,"36":1,"37":1,"38":1,"39":1,"40":1,"41":1,"42":1,"43":1,"44":1,"45":1,"46":1,"47":1,"48":1,"49":1,"50":1,"51":1,"52":1,"53":1,"54":1,"55":1,"56":1,"57":1,"58":1,"59":1,"60":1,"61":1,"62":1,"63":1,"64":1,"65":1,"66":1,"67":1,"68":1,"69":1,"70":1,"71":1,"72":1,"73":1,"74":1,"75":1,"76":1,"77":1,"78":1,"79":1,"80":1,"81":1,"82":1,"83":1,"84":1,"85":1,"86":1,"87":1,"88":1,"89":1,"90":1,"91":1,"92":1,"93":1,"94":1,"95":1,"96":1,"97":1,"98":1,"99":1,"100":1,"101":1,"102":1,"103":1},"f":{"0":3,"1":1,"2":1,"3":1,"4":1,"5":1,"6":1,"7":1,"8":1,"9":1,"10":1,"11":1,"12":1,"13":1,"14":1,"15":1,"16":1,"17":1,"18":1,"19":1,"20":1,"21":1,"22":1,"23":1,"24":1,"25":1,"26":1,"27":1,"28":1,"29":1},"b":{"0":[1,2],"1":[3,3]},"_coverageSchema":"332fd63041d2c1bcb487cc26dd0d5f7d97098a6c","hash":"eca1ffc1554d20becee2f1f9db99198a07026b22","contentHash":"81a33f4e1436558d9251d0054a20e44d_11.8.0"},"C:\\Users\\McCharley Okafor\\Desktop\\maintenance-tracker\\Maintenance-tracker\\server\\app.js":{"path":"C:\\Users\\McCharley Okafor\\Desktop\\maintenance-tracker\\Maintenance-tracker\\server\\app.js","statementMap":{"0":{"start":{"line":3,"column":0},"end":{"line":5,"column":3}},"1":{"start":{"line":7,"column":12},"end":{"line":7,"column":27}},"2":{"start":{"line":9,"column":13},"end":{"line":9,"column":42}},"3":{"start":{"line":11,"column":14},"end":{"line":11,"column":31}},"4":{"start":{"line":13,"column":15},"end":{"line":13,"column":46}},"5":{"start":{"line":15,"column":15},"end":{"line":15,"column":33}},"6":{"start":{"line":17,"column":16},"end":{"line":17,"column":48}},"7":{"start":{"line":19,"column":18},"end":{"line":19,"column":40}},"8":{"start":{"line":21,"column":19},"end":{"line":21,"column":54}},"9":{"start":{"line":23,"column":15},"end":{"line":23,"column":33}},"10":{"start":{"line":25,"column":16},"end":{"line":25,"column":48}},"11":{"start":{"line":27,"column":13},"end":{"line":27,"column":38}},"12":{"start":{"line":29,"column":14},"end":{"line":29,"column":44}},"13":{"start":{"line":31,"column":39},"end":{"line":31,"column":93}},"14":{"start":{"line":33,"column":10},"end":{"line":33,"column":33}},"15":{"start":{"line":35,"column":11},"end":{"line":35,"column":35}},"16":{"start":{"line":36,"column":0},"end":{"line":36,"column":31}},"17":{"start":{"line":37,"column":0},"end":{"line":37,"column":46}},"18":{"start":{"line":38,"column":0},"end":{"line":38,"column":37}},"19":{"start":{"line":40,"column":0},"end":{"line":42,"column":3}},"20":{"start":{"line":41,"column":2},"end":{"line":41,"column":104}},"21":{"start":{"line":44,"column":0},"end":{"line":46,"column":4}},"22":{"start":{"line":47,"column":0},"end":{"line":47,"column":26}},"23":{"start":{"line":48,"column":0},"end":{"line":48,"column":55}},"24":{"start":{"line":49,"column":0},"end":{"line":51,"column":1}},"25":{"start":{"line":50,"column":2},"end":{"line":50,"column":19}},"26":{"start":{"line":53,"column":0},"end":{"line":53,"column":71}},"27":{"start":{"line":55,"column":0},"end":{"line":55,"column":22}}},"fnMap":{"0":{"name":"_interopRequireDefault","decl":{"start":{"line":31,"column":9},"end":{"line":31,"column":31}},"loc":{"start":{"line":31,"column":37},"end":{"line":31,"column":95}},"line":31},"1":{"name":"(anonymous_1)","decl":{"start":{"line":40,"column":13},"end":{"line":40,"column":14}},"loc":{"start":{"line":40,"column":42},"end":{"line":42,"column":1}},"line":40}},"branchMap":{"0":{"loc":{"start":{"line":31,"column":46},"end":{"line":31,"column":92}},"type":"cond-expr","locations":[{"start":{"line":31,"column":70},"end":{"line":31,"column":73}},{"start":{"line":31,"column":76},"end":{"line":31,"column":92}}],"line":31},"1":{"loc":{"start":{"line":31,"column":46},"end":{"line":31,"column":67}},"type":"binary-expr","locations":[{"start":{"line":31,"column":46},"end":{"line":31,"column":49}},{"start":{"line":31,"column":53},"end":{"line":31,"column":67}}],"line":31},"2":{"loc":{"start":{"line":35,"column":11},"end":{"line":35,"column":35}},"type":"binary-expr","locations":[{"start":{"line":35,"column":11},"end":{"line":35,"column":27}},{"start":{"line":35,"column":31},"end":{"line":35,"column":35}}],"line":35},"3":{"loc":{"start":{"line":49,"column":0},"end":{"line":51,"column":1}},"type":"if","locations":[{"start":{"line":49,"column":0},"end":{"line":51,"column":1}},{"start":{"line":49,"column":0},"end":{"line":51,"column":1}}],"line":49}},"s":{"0":1,"1":1,"2":1,"3":1,"4":1,"5":1,"6":1,"7":1,"8":1,"9":1,"10":1,"11":1,"12":1,"13":6,"14":1,"15":1,"16":1,"17":1,"18":1,"19":1,"20":1,"21":1,"22":1,"23":1,"24":1,"25":0,"26":1,"27":1},"f":{"0":6,"1":1},"b":{"0":[1,5],"1":[6,6],"2":[1,1],"3":[0,1]},"_coverageSchema":"332fd63041d2c1bcb487cc26dd0d5f7d97098a6c","hash":"edd00b5c52f4a21451e7c1fc5d1658155ced44d6","contentHash":"b5c1c1c0337e798af1c21b1cca987c68_11.8.0"},"C:\\Users\\McCharley Okafor\\Desktop\\maintenance-tracker\\Maintenance-tracker\\server\\routes\\index.js":{"path":"C:\\Users\\McCharley Okafor\\Desktop\\maintenance-tracker\\Maintenance-tracker\\server\\routes\\index.js","statementMap":{"0":{"start":{"line":3,"column":0},"end":{"line":5,"column":3}},"1":{"start":{"line":7,"column":23},"end":{"line":7,"column":64}},"2":{"start":{"line":9,"column":24},"end":{"line":9,"column":64}},"3":{"start":{"line":11,"column":25},"end":{"line":11,"column":68}},"4":{"start":{"line":13,"column":26},"end":{"line":13,"column":68}},"5":{"start":{"line":15,"column":29},"end":{"line":15,"column":76}},"6":{"start":{"line":17,"column":30},"end":{"line":17,"column":76}},"7":{"start":{"line":19,"column":18},"end":{"line":19,"column":54}},"8":{"start":{"line":21,"column":19},"end":{"line":21,"column":54}},"9":{"start":{"line":23,"column":25},"end":{"line":23,"column":68}},"10":{"start":{"line":25,"column":26},"end":{"line":25,"column":68}},"11":{"start":{"line":27,"column":22},"end":{"line":27,"column":62}},"12":{"start":{"line":29,"column":23},"end":{"line":29,"column":62}},"13":{"start":{"line":31,"column":18},"end":{"line":31,"column":54}},"14":{"start":{"line":33,"column":19},"end":{"line":33,"column":54}},"15":{"start":{"line":35,"column":23},"end":{"line":35,"column":64}},"16":{"start":{"line":37,"column":24},"end":{"line":37,"column":64}},"17":{"start":{"line":39,"column":26},"end":{"line":39,"column":70}},"18":{"start":{"line":41,"column":27},"end":{"line":41,"column":70}},"19":{"start":{"line":43,"column":39},"end":{"line":43,"column":93}},"20":{"start":{"line":45,"column":13},"end":{"line":59,"column":1}},"21":{"start":{"line":46,"column":2},"end":{"line":48,"column":5}},"22":{"start":{"line":47,"column":4},"end":{"line":47,"column":63}},"23":{"start":{"line":49,"column":2},"end":{"line":49,"column":151}},"24":{"start":{"line":50,"column":2},"end":{"line":50,"column":117}},"25":{"start":{"line":51,"column":2},"end":{"line":51,"column":126}},"26":{"start":{"line":52,"column":2},"end":{"line":52,"column":171}},"27":{"start":{"line":53,"column":2},"end":{"line":53,"column":221}},"28":{"start":{"line":54,"column":2},"end":{"line":54,"column":265}},"29":{"start":{"line":55,"column":2},"end":{"line":55,"column":125}},"30":{"start":{"line":56,"column":2},"end":{"line":56,"column":195}},"31":{"start":{"line":57,"column":2},"end":{"line":57,"column":201}},"32":{"start":{"line":58,"column":2},"end":{"line":58,"column":195}},"33":{"start":{"line":60,"column":0},"end":{"line":60,"column":25}}},"fnMap":{"0":{"name":"_interopRequireDefault","decl":{"start":{"line":43,"column":9},"end":{"line":43,"column":31}},"loc":{"start":{"line":43,"column":37},"end":{"line":43,"column":95}},"line":43},"1":{"name":"routes","decl":{"start":{"line":45,"column":22},"end":{"line":45,"column":28}},"loc":{"start":{"line":45,"column":34},"end":{"line":59,"column":1}},"line":45},"2":{"name":"(anonymous_2)","decl":{"start":{"line":46,"column":15},"end":{"line":46,"column":16}},"loc":{"start":{"line":46,"column":35},"end":{"line":48,"column":3}},"line":46}},"branchMap":{"0":{"loc":{"start":{"line":43,"column":46},"end":{"line":43,"column":92}},"type":"cond-expr","locations":[{"start":{"line":43,"column":70},"end":{"line":43,"column":73}},{"start":{"line":43,"column":76},"end":{"line":43,"column":92}}],"line":43},"1":{"loc":{"start":{"line":43,"column":46},"end":{"line":43,"column":67}},"type":"binary-expr","locations":[{"start":{"line":43,"column":46},"end":{"line":43,"column":49}},{"start":{"line":43,"column":53},"end":{"line":43,"column":67}}],"line":43}},"s":{"0":1,"1":1,"2":1,"3":1,"4":1,"5":1,"6":1,"7":1,"8":1,"9":1,"10":1,"11":1,"12":1,"13":1,"14":1,"15":1,"16":1,"17":1,"18":1,"19":9,"20":1,"21":1,"22":0,"23":1,"24":1,"25":1,"26":1,"27":1,"28":1,"29":1,"30":1,"31":1,"32":1,"33":1},"f":{"0":9,"1":1,"2":0},"b":{"0":[9,0],"1":[9,9]},"_coverageSchema":"332fd63041d2c1bcb487cc26dd0d5f7d97098a6c","hash":"1b72a596f8520f7025e4688d0c948b470baa626c","contentHash":"6b79cf71c34a91e047084d8f3de805ce_11.8.0"},"C:\\Users\\McCharley Okafor\\Desktop\\maintenance-tracker\\Maintenance-tracker\\server\\controllers\\adminController.js":{"path":"C:\\Users\\McCharley Okafor\\Desktop\\maintenance-tracker\\Maintenance-tracker\\server\\controllers\\adminController.js","statementMap":{"0":{"start":{"line":3,"column":0},"end":{"line":5,"column":3}},"1":{"start":{"line":7,"column":19},"end":{"line":7,"column":563}},"2":{"start":{"line":7,"column":76},"end":{"line":7,"column":347}},"3":{"start":{"line":7,"column":134},"end":{"line":7,"column":142}},"4":{"start":{"line":7,"column":144},"end":{"line":7,"column":199}},"5":{"start":{"line":7,"column":200},"end":{"line":7,"column":231}},"6":{"start":{"line":7,"column":232},"end":{"line":7,"column":286}},"7":{"start":{"line":7,"column":259},"end":{"line":7,"column":286}},"8":{"start":{"line":7,"column":287},"end":{"line":7,"column":345}},"9":{"start":{"line":7,"column":350},"end":{"line":7,"column":559}},"10":{"start":{"line":7,"column":407},"end":{"line":7,"column":475}},"11":{"start":{"line":7,"column":423},"end":{"line":7,"column":475}},"12":{"start":{"line":7,"column":476},"end":{"line":7,"column":536}},"13":{"start":{"line":7,"column":493},"end":{"line":7,"column":536}},"14":{"start":{"line":7,"column":537},"end":{"line":7,"column":556}},"15":{"start":{"line":9,"column":18},"end":{"line":9,"column":50}},"16":{"start":{"line":11,"column":19},"end":{"line":11,"column":54}},"17":{"start":{"line":13,"column":39},"end":{"line":13,"column":93}},"18":{"start":{"line":15,"column":50},"end":{"line":15,"column":151}},"19":{"start":{"line":15,"column":92},"end":{"line":15,"column":149}},"20":{"start":{"line":17,"column":13},"end":{"line":17,"column":40}},"21":{"start":{"line":18,"column":0},"end":{"line":18,"column":17}},"22":{"start":{"line":27,"column":22},"end":{"line":179,"column":3}},"23":{"start":{"line":29,"column":4},"end":{"line":29,"column":43}},"24":{"start":{"line":32,"column":2},"end":{"line":176,"column":6}},"25":{"start":{"line":46,"column":24},"end":{"line":46,"column":234}},"26":{"start":{"line":47,"column":6},"end":{"line":57,"column":9}},"27":{"start":{"line":48,"column":8},"end":{"line":54,"column":11}},"28":{"start":{"line":56,"column":8},"end":{"line":56,"column":42}},"29":{"start":{"line":73,"column":22},"end":{"line":73,"column":49}},"30":{"start":{"line":74,"column":20},"end":{"line":74,"column":36}},"31":{"start":{"line":75,"column":6},"end":{"line":80,"column":7}},"32":{"start":{"line":76,"column":8},"end":{"line":79,"column":11}},"33":{"start":{"line":81,"column":28},"end":{"line":84,"column":7}},"34":{"start":{"line":86,"column":6},"end":{"line":96,"column":9}},"35":{"start":{"line":87,"column":8},"end":{"line":93,"column":11}},"36":{"start":{"line":95,"column":8},"end":{"line":95,"column":42}},"37":{"start":{"line":112,"column":22},"end":{"line":112,"column":49}},"38":{"start":{"line":113,"column":20},"end":{"line":113,"column":36}},"39":{"start":{"line":114,"column":6},"end":{"line":119,"column":7}},"40":{"start":{"line":115,"column":8},"end":{"line":118,"column":11}},"41":{"start":{"line":120,"column":30},"end":{"line":123,"column":7}},"42":{"start":{"line":125,"column":6},"end":{"line":135,"column":9}},"43":{"start":{"line":126,"column":8},"end":{"line":132,"column":11}},"44":{"start":{"line":134,"column":8},"end":{"line":134,"column":42}},"45":{"start":{"line":151,"column":22},"end":{"line":151,"column":49}},"46":{"start":{"line":152,"column":20},"end":{"line":152,"column":36}},"47":{"start":{"line":153,"column":6},"end":{"line":158,"column":7}},"48":{"start":{"line":154,"column":8},"end":{"line":157,"column":11}},"49":{"start":{"line":159,"column":28},"end":{"line":162,"column":7}},"50":{"start":{"line":164,"column":6},"end":{"line":174,"column":9}},"51":{"start":{"line":165,"column":8},"end":{"line":171,"column":11}},"52":{"start":{"line":173,"column":8},"end":{"line":173,"column":42}},"53":{"start":{"line":178,"column":2},"end":{"line":178,"column":25}},"54":{"start":{"line":181,"column":0},"end":{"line":181,"column":34}}},"fnMap":{"0":{"name":"(anonymous_0)","decl":{"start":{"line":7,"column":19},"end":{"line":7,"column":20}},"loc":{"start":{"line":7,"column":31},"end":{"line":7,"column":561}},"line":7},"1":{"name":"defineProperties","decl":{"start":{"line":7,"column":42},"end":{"line":7,"column":58}},"loc":{"start":{"line":7,"column":74},"end":{"line":7,"column":349}},"line":7},"2":{"name":"(anonymous_2)","decl":{"start":{"line":7,"column":357},"end":{"line":7,"column":358}},"loc":{"start":{"line":7,"column":405},"end":{"line":7,"column":558}},"line":7},"3":{"name":"_interopRequireDefault","decl":{"start":{"line":13,"column":9},"end":{"line":13,"column":31}},"loc":{"start":{"line":13,"column":37},"end":{"line":13,"column":95}},"line":13},"4":{"name":"_classCallCheck","decl":{"start":{"line":15,"column":9},"end":{"line":15,"column":24}},"loc":{"start":{"line":15,"column":48},"end":{"line":15,"column":153}},"line":15},"5":{"name":"(anonymous_5)","decl":{"start":{"line":27,"column":22},"end":{"line":27,"column":23}},"loc":{"start":{"line":27,"column":34},"end":{"line":179,"column":1}},"line":27},"6":{"name":"AdminController","decl":{"start":{"line":28,"column":11},"end":{"line":28,"column":26}},"loc":{"start":{"line":28,"column":29},"end":{"line":30,"column":3}},"line":28},"7":{"name":"adminGetAllRequests","decl":{"start":{"line":45,"column":20},"end":{"line":45,"column":39}},"loc":{"start":{"line":45,"column":50},"end":{"line":58,"column":5}},"line":45},"8":{"name":"(anonymous_8)","decl":{"start":{"line":47,"column":37},"end":{"line":47,"column":38}},"loc":{"start":{"line":47,"column":65},"end":{"line":55,"column":7}},"line":47},"9":{"name":"(anonymous_9)","decl":{"start":{"line":55,"column":15},"end":{"line":55,"column":16}},"loc":{"start":{"line":55,"column":30},"end":{"line":57,"column":7}},"line":55},"10":{"name":"approveRequests","decl":{"start":{"line":72,"column":20},"end":{"line":72,"column":35}},"loc":{"start":{"line":72,"column":46},"end":{"line":97,"column":5}},"line":72},"11":{"name":"(anonymous_11)","decl":{"start":{"line":86,"column":48},"end":{"line":86,"column":49}},"loc":{"start":{"line":86,"column":75},"end":{"line":94,"column":7}},"line":86},"12":{"name":"(anonymous_12)","decl":{"start":{"line":94,"column":15},"end":{"line":94,"column":16}},"loc":{"start":{"line":94,"column":30},"end":{"line":96,"column":7}},"line":94},"13":{"name":"disapproveRequests","decl":{"start":{"line":111,"column":20},"end":{"line":111,"column":38}},"loc":{"start":{"line":111,"column":49},"end":{"line":136,"column":5}},"line":111},"14":{"name":"(anonymous_14)","decl":{"start":{"line":125,"column":50},"end":{"line":125,"column":51}},"loc":{"start":{"line":125,"column":80},"end":{"line":133,"column":7}},"line":125},"15":{"name":"(anonymous_15)","decl":{"start":{"line":133,"column":15},"end":{"line":133,"column":16}},"loc":{"start":{"line":133,"column":30},"end":{"line":135,"column":7}},"line":133},"16":{"name":"resolveRequests","decl":{"start":{"line":150,"column":20},"end":{"line":150,"column":35}},"loc":{"start":{"line":150,"column":46},"end":{"line":175,"column":5}},"line":150},"17":{"name":"(anonymous_17)","decl":{"start":{"line":164,"column":48},"end":{"line":164,"column":49}},"loc":{"start":{"line":164,"column":76},"end":{"line":172,"column":7}},"line":164},"18":{"name":"(anonymous_18)","decl":{"start":{"line":172,"column":15},"end":{"line":172,"column":16}},"loc":{"start":{"line":172,"column":30},"end":{"line":174,"column":7}},"line":172}},"branchMap":{"0":{"loc":{"start":{"line":7,"column":168},"end":{"line":7,"column":198}},"type":"binary-expr","locations":[{"start":{"line":7,"column":168},"end":{"line":7,"column":189}},{"start":{"line":7,"column":193},"end":{"line":7,"column":198}}],"line":7},"1":{"loc":{"start":{"line":7,"column":232},"end":{"line":7,"column":286}},"type":"if","locations":[{"start":{"line":7,"column":232},"end":{"line":7,"column":286}},{"start":{"line":7,"column":232},"end":{"line":7,"column":286}}],"line":7},"2":{"loc":{"start":{"line":7,"column":407},"end":{"line":7,"column":475}},"type":"if","locations":[{"start":{"line":7,"column":407},"end":{"line":7,"column":475}},{"start":{"line":7,"column":407},"end":{"line":7,"column":475}}],"line":7},"3":{"loc":{"start":{"line":7,"column":476},"end":{"line":7,"column":536}},"type":"if","locations":[{"start":{"line":7,"column":476},"end":{"line":7,"column":536}},{"start":{"line":7,"column":476},"end":{"line":7,"column":536}}],"line":7},"4":{"loc":{"start":{"line":13,"column":46},"end":{"line":13,"column":92}},"type":"cond-expr","locations":[{"start":{"line":13,"column":70},"end":{"line":13,"column":73}},{"start":{"line":13,"column":76},"end":{"line":13,"column":92}}],"line":13},"5":{"loc":{"start":{"line":13,"column":46},"end":{"line":13,"column":67}},"type":"binary-expr","locations":[{"start":{"line":13,"column":46},"end":{"line":13,"column":49}},{"start":{"line":13,"column":53},"end":{"line":13,"column":67}}],"line":13},"6":{"loc":{"start":{"line":15,"column":50},"end":{"line":15,"column":151}},"type":"if","locations":[{"start":{"line":15,"column":50},"end":{"line":15,"column":151}},{"start":{"line":15,"column":50},"end":{"line":15,"column":151}}],"line":15},"7":{"loc":{"start":{"line":75,"column":6},"end":{"line":80,"column":7}},"type":"if","locations":[{"start":{"line":75,"column":6},"end":{"line":80,"column":7}},{"start":{"line":75,"column":6},"end":{"line":80,"column":7}}],"line":75},"8":{"loc":{"start":{"line":114,"column":6},"end":{"line":119,"column":7}},"type":"if","locations":[{"start":{"line":114,"column":6},"end":{"line":119,"column":7}},{"start":{"line":114,"column":6},"end":{"line":119,"column":7}}],"line":114},"9":{"loc":{"start":{"line":153,"column":6},"end":{"line":158,"column":7}},"type":"if","locations":[{"start":{"line":153,"column":6},"end":{"line":158,"column":7}},{"start":{"line":153,"column":6},"end":{"line":158,"column":7}}],"line":153}},"s":{"0":1,"1":1,"2":1,"3":4,"4":4,"5":4,"6":4,"7":4,"8":4,"9":1,"10":1,"11":0,"12":1,"13":1,"14":1,"15":1,"16":1,"17":1,"18":0,"19":0,"20":1,"21":1,"22":1,"23":0,"24":1,"25":1,"26":1,"27":1,"28":0,"29":1,"30":1,"31":1,"32":0,"33":1,"34":1,"35":1,"36":0,"37":1,"38":1,"39":1,"40":0,"41":1,"42":1,"43":1,"44":0,"45":1,"46":1,"47":1,"48":0,"49":1,"50":1,"51":1,"52":0,"53":1,"54":1},"f":{"0":1,"1":1,"2":1,"3":1,"4":0,"5":1,"6":0,"7":1,"8":1,"9":0,"10":1,"11":1,"12":0,"13":1,"14":1,"15":0,"16":1,"17":1,"18":0},"b":{"0":[4,4],"1":[4,0],"2":[0,1],"3":[1,0],"4":[1,0],"5":[1,1],"6":[0,0],"7":[0,1],"8":[0,1],"9":[0,1]},"_coverageSchema":"332fd63041d2c1bcb487cc26dd0d5f7d97098a6c","hash":"796c213605f60625368e8e78fa580166b4208a24","contentHash":"f65beacf50c0b92ee67fabcf046da343_11.8.0"},"C:\\Users\\McCharley Okafor\\Desktop\\maintenance-tracker\\Maintenance-tracker\\server\\helpers\\connection.js":{"path":"C:\\Users\\McCharley Okafor\\Desktop\\maintenance-tracker\\Maintenance-tracker\\server\\helpers\\connection.js","statementMap":{"0":{"start":{"line":3,"column":0},"end":{"line":5,"column":3}},"1":{"start":{"line":7,"column":14},"end":{"line":7,"column":31}},"2":{"start":{"line":9,"column":15},"end":{"line":9,"column":46}},"3":{"start":{"line":11,"column":10},"end":{"line":11,"column":23}},"4":{"start":{"line":13,"column":14},"end":{"line":13,"column":41}},"5":{"start":{"line":15,"column":15},"end":{"line":15,"column":46}},"6":{"start":{"line":17,"column":39},"end":{"line":17,"column":93}},"7":{"start":{"line":19,"column":0},"end":{"line":19,"column":26}},"8":{"start":{"line":20,"column":13},"end":{"line":20,"column":19}},"9":{"start":{"line":21,"column":17},"end":{"line":31,"column":1}},"10":{"start":{"line":22,"column":2},"end":{"line":28,"column":3}},"11":{"start":{"line":23,"column":4},"end":{"line":23,"column":42}},"12":{"start":{"line":24,"column":9},"end":{"line":28,"column":3}},"13":{"start":{"line":25,"column":4},"end":{"line":25,"column":35}},"14":{"start":{"line":27,"column":4},"end":{"line":27,"column":38}},"15":{"start":{"line":29,"column":15},"end":{"line":29,"column":37}},"16":{"start":{"line":30,"column":2},"end":{"line":30,"column":16}},"17":{"start":{"line":32,"column":0},"end":{"line":32,"column":29}}},"fnMap":{"0":{"name":"_interopRequireDefault","decl":{"start":{"line":17,"column":9},"end":{"line":17,"column":31}},"loc":{"start":{"line":17,"column":37},"end":{"line":17,"column":95}},"line":17},"1":{"name":"connection","decl":{"start":{"line":21,"column":26},"end":{"line":21,"column":36}},"loc":{"start":{"line":21,"column":39},"end":{"line":31,"column":1}},"line":21}},"branchMap":{"0":{"loc":{"start":{"line":17,"column":46},"end":{"line":17,"column":92}},"type":"cond-expr","locations":[{"start":{"line":17,"column":70},"end":{"line":17,"column":73}},{"start":{"line":17,"column":76},"end":{"line":17,"column":92}}],"line":17},"1":{"loc":{"start":{"line":17,"column":46},"end":{"line":17,"column":67}},"type":"binary-expr","locations":[{"start":{"line":17,"column":46},"end":{"line":17,"column":49}},{"start":{"line":17,"column":53},"end":{"line":17,"column":67}}],"line":17},"2":{"loc":{"start":{"line":22,"column":2},"end":{"line":28,"column":3}},"type":"if","locations":[{"start":{"line":22,"column":2},"end":{"line":28,"column":3}},{"start":{"line":22,"column":2},"end":{"line":28,"column":3}}],"line":22},"3":{"loc":{"start":{"line":24,"column":9},"end":{"line":28,"column":3}},"type":"if","locations":[{"start":{"line":24,"column":9},"end":{"line":28,"column":3}},{"start":{"line":24,"column":9},"end":{"line":28,"column":3}}],"line":24}},"s":{"0":1,"1":1,"2":1,"3":1,"4":1,"5":1,"6":2,"7":1,"8":1,"9":1,"10":6,"11":0,"12":6,"13":6,"14":0,"15":6,"16":6,"17":1},"f":{"0":2,"1":6},"b":{"0":[1,1],"1":[2,2],"2":[0,6],"3":[6,0]},"_coverageSchema":"332fd63041d2c1bcb487cc26dd0d5f7d97098a6c","hash":"8d3cdb17a8a217134b6fd37077cb476b22a2e303","contentHash":"2e62fac4dc542bffeb523722b0cae4ad_11.8.0"},"C:\\Users\\McCharley Okafor\\Desktop\\maintenance-tracker\\Maintenance-tracker\\server\\config\\config.js":{"path":"C:\\Users\\McCharley Okafor\\Desktop\\maintenance-tracker\\Maintenance-tracker\\server\\config\\config.js","statementMap":{"0":{"start":{"line":3,"column":0},"end":{"line":5,"column":3}},"1":{"start":{"line":7,"column":14},"end":{"line":7,"column":31}},"2":{"start":{"line":9,"column":15},"end":{"line":9,"column":46}},"3":{"start":{"line":11,"column":39},"end":{"line":11,"column":93}},"4":{"start":{"line":13,"column":0},"end":{"line":13,"column":26}},"5":{"start":{"line":15,"column":0},"end":{"line":34,"column":2}}},"fnMap":{"0":{"name":"_interopRequireDefault","decl":{"start":{"line":11,"column":9},"end":{"line":11,"column":31}},"loc":{"start":{"line":11,"column":37},"end":{"line":11,"column":95}},"line":11}},"branchMap":{"0":{"loc":{"start":{"line":11,"column":46},"end":{"line":11,"column":92}},"type":"cond-expr","locations":[{"start":{"line":11,"column":70},"end":{"line":11,"column":73}},{"start":{"line":11,"column":76},"end":{"line":11,"column":92}}],"line":11},"1":{"loc":{"start":{"line":11,"column":46},"end":{"line":11,"column":67}},"type":"binary-expr","locations":[{"start":{"line":11,"column":46},"end":{"line":11,"column":49}},{"start":{"line":11,"column":53},"end":{"line":11,"column":67}}],"line":11}},"s":{"0":1,"1":1,"2":1,"3":1,"4":1,"5":1},"f":{"0":1},"b":{"0":[0,1],"1":[1,1]},"_coverageSchema":"332fd63041d2c1bcb487cc26dd0d5f7d97098a6c","hash":"9b9aa596abd55f04ba81c5c2b15b757681cac6a9","contentHash":"49847a471c686318ff65c8306596f50e_11.8.0"},"C:\\Users\\McCharley Okafor\\Desktop\\maintenance-tracker\\Maintenance-tracker\\server\\middlewares\\authenticateLogin.js":{"path":"C:\\Users\\McCharley Okafor\\Desktop\\maintenance-tracker\\Maintenance-tracker\\server\\middlewares\\authenticateLogin.js","statementMap":{"0":{"start":{"line":3,"column":0},"end":{"line":5,"column":3}},"1":{"start":{"line":7,"column":19},"end":{"line":7,"column":563}},"2":{"start":{"line":7,"column":76},"end":{"line":7,"column":347}},"3":{"start":{"line":7,"column":134},"end":{"line":7,"column":142}},"4":{"start":{"line":7,"column":144},"end":{"line":7,"column":199}},"5":{"start":{"line":7,"column":200},"end":{"line":7,"column":231}},"6":{"start":{"line":7,"column":232},"end":{"line":7,"column":286}},"7":{"start":{"line":7,"column":259},"end":{"line":7,"column":286}},"8":{"start":{"line":7,"column":287},"end":{"line":7,"column":345}},"9":{"start":{"line":7,"column":350},"end":{"line":7,"column":559}},"10":{"start":{"line":7,"column":407},"end":{"line":7,"column":475}},"11":{"start":{"line":7,"column":423},"end":{"line":7,"column":475}},"12":{"start":{"line":7,"column":476},"end":{"line":7,"column":536}},"13":{"start":{"line":7,"column":493},"end":{"line":7,"column":536}},"14":{"start":{"line":7,"column":537},"end":{"line":7,"column":556}},"15":{"start":{"line":9,"column":14},"end":{"line":9,"column":31}},"16":{"start":{"line":11,"column":15},"end":{"line":11,"column":46}},"17":{"start":{"line":13,"column":20},"end":{"line":13,"column":43}},"18":{"start":{"line":15,"column":21},"end":{"line":15,"column":58}},"19":{"start":{"line":17,"column":39},"end":{"line":17,"column":93}},"20":{"start":{"line":19,"column":50},"end":{"line":19,"column":151}},"21":{"start":{"line":19,"column":92},"end":{"line":19,"column":149}},"22":{"start":{"line":21,"column":0},"end":{"line":21,"column":26}},"23":{"start":{"line":22,"column":16},"end":{"line":22,"column":38}},"24":{"start":{"line":28,"column":28},"end":{"line":93,"column":3}},"25":{"start":{"line":30,"column":4},"end":{"line":30,"column":49}},"26":{"start":{"line":33,"column":2},"end":{"line":90,"column":6}},"27":{"start":{"line":47,"column":6},"end":{"line":57,"column":7}},"28":{"start":{"line":48,"column":20},"end":{"line":48,"column":83}},"29":{"start":{"line":49,"column":28},"end":{"line":49,"column":75}},"30":{"start":{"line":50,"column":8},"end":{"line":50,"column":34}},"31":{"start":{"line":51,"column":8},"end":{"line":51,"column":22}},"32":{"start":{"line":53,"column":8},"end":{"line":56,"column":11}},"33":{"start":{"line":73,"column":6},"end":{"line":88,"column":7}},"34":{"start":{"line":74,"column":20},"end":{"line":74,"column":83}},"35":{"start":{"line":75,"column":28},"end":{"line":75,"column":75}},"36":{"start":{"line":76,"column":8},"end":{"line":76,"column":34}},"37":{"start":{"line":77,"column":8},"end":{"line":82,"column":9}},"38":{"start":{"line":78,"column":10},"end":{"line":81,"column":13}},"39":{"start":{"line":82,"column":9},"end":{"line":82,"column":23}},"40":{"start":{"line":84,"column":8},"end":{"line":87,"column":11}},"41":{"start":{"line":92,"column":2},"end":{"line":92,"column":31}},"42":{"start":{"line":95,"column":0},"end":{"line":95,"column":40}}},"fnMap":{"0":{"name":"(anonymous_0)","decl":{"start":{"line":7,"column":19},"end":{"line":7,"column":20}},"loc":{"start":{"line":7,"column":31},"end":{"line":7,"column":561}},"line":7},"1":{"name":"defineProperties","decl":{"start":{"line":7,"column":42},"end":{"line":7,"column":58}},"loc":{"start":{"line":7,"column":74},"end":{"line":7,"column":349}},"line":7},"2":{"name":"(anonymous_2)","decl":{"start":{"line":7,"column":357},"end":{"line":7,"column":358}},"loc":{"start":{"line":7,"column":405},"end":{"line":7,"column":558}},"line":7},"3":{"name":"_interopRequireDefault","decl":{"start":{"line":17,"column":9},"end":{"line":17,"column":31}},"loc":{"start":{"line":17,"column":37},"end":{"line":17,"column":95}},"line":17},"4":{"name":"_classCallCheck","decl":{"start":{"line":19,"column":9},"end":{"line":19,"column":24}},"loc":{"start":{"line":19,"column":48},"end":{"line":19,"column":153}},"line":19},"5":{"name":"(anonymous_5)","decl":{"start":{"line":28,"column":28},"end":{"line":28,"column":29}},"loc":{"start":{"line":28,"column":40},"end":{"line":93,"column":1}},"line":28},"6":{"name":"AuthenticateUserLogin","decl":{"start":{"line":29,"column":11},"end":{"line":29,"column":32}},"loc":{"start":{"line":29,"column":35},"end":{"line":31,"column":3}},"line":29},"7":{"name":"authenticateUser","decl":{"start":{"line":46,"column":20},"end":{"line":46,"column":36}},"loc":{"start":{"line":46,"column":53},"end":{"line":58,"column":5}},"line":46},"8":{"name":"authenticateAdmin","decl":{"start":{"line":72,"column":20},"end":{"line":72,"column":37}},"loc":{"start":{"line":72,"column":54},"end":{"line":89,"column":5}},"line":72}},"branchMap":{"0":{"loc":{"start":{"line":7,"column":168},"end":{"line":7,"column":198}},"type":"binary-expr","locations":[{"start":{"line":7,"column":168},"end":{"line":7,"column":189}},{"start":{"line":7,"column":193},"end":{"line":7,"column":198}}],"line":7},"1":{"loc":{"start":{"line":7,"column":232},"end":{"line":7,"column":286}},"type":"if","locations":[{"start":{"line":7,"column":232},"end":{"line":7,"column":286}},{"start":{"line":7,"column":232},"end":{"line":7,"column":286}}],"line":7},"2":{"loc":{"start":{"line":7,"column":407},"end":{"line":7,"column":475}},"type":"if","locations":[{"start":{"line":7,"column":407},"end":{"line":7,"column":475}},{"start":{"line":7,"column":407},"end":{"line":7,"column":475}}],"line":7},"3":{"loc":{"start":{"line":7,"column":476},"end":{"line":7,"column":536}},"type":"if","locations":[{"start":{"line":7,"column":476},"end":{"line":7,"column":536}},{"start":{"line":7,"column":476},"end":{"line":7,"column":536}}],"line":7},"4":{"loc":{"start":{"line":17,"column":46},"end":{"line":17,"column":92}},"type":"cond-expr","locations":[{"start":{"line":17,"column":70},"end":{"line":17,"column":73}},{"start":{"line":17,"column":76},"end":{"line":17,"column":92}}],"line":17},"5":{"loc":{"start":{"line":17,"column":46},"end":{"line":17,"column":67}},"type":"binary-expr","locations":[{"start":{"line":17,"column":46},"end":{"line":17,"column":49}},{"start":{"line":17,"column":53},"end":{"line":17,"column":67}}],"line":17},"6":{"loc":{"start":{"line":19,"column":50},"end":{"line":19,"column":151}},"type":"if","locations":[{"start":{"line":19,"column":50},"end":{"line":19,"column":151}},{"start":{"line":19,"column":50},"end":{"line":19,"column":151}}],"line":19},"7":{"loc":{"start":{"line":48,"column":20},"end":{"line":48,"column":83}},"type":"binary-expr","locations":[{"start":{"line":48,"column":20},"end":{"line":48,"column":43}},{"start":{"line":48,"column":47},"end":{"line":48,"column":64}},{"start":{"line":48,"column":68},"end":{"line":48,"column":83}}],"line":48},"8":{"loc":{"start":{"line":74,"column":20},"end":{"line":74,"column":83}},"type":"binary-expr","locations":[{"start":{"line":74,"column":20},"end":{"line":74,"column":43}},{"start":{"line":74,"column":47},"end":{"line":74,"column":64}},{"start":{"line":74,"column":68},"end":{"line":74,"column":83}}],"line":74},"9":{"loc":{"start":{"line":77,"column":8},"end":{"line":82,"column":9}},"type":"if","locations":[{"start":{"line":77,"column":8},"end":{"line":82,"column":9}},{"start":{"line":77,"column":8},"end":{"line":82,"column":9}}],"line":77}},"s":{"0":1,"1":1,"2":1,"3":2,"4":2,"5":2,"6":2,"7":2,"8":2,"9":1,"10":1,"11":0,"12":1,"13":1,"14":1,"15":1,"16":1,"17":1,"18":1,"19":2,"20":0,"21":0,"22":1,"23":1,"24":1,"25":0,"26":1,"27":17,"28":17,"29":17,"30":13,"31":13,"32":4,"33":11,"34":11,"35":11,"36":7,"37":7,"38":0,"39":7,"40":4,"41":1,"42":1},"f":{"0":1,"1":1,"2":1,"3":2,"4":0,"5":1,"6":0,"7":17,"8":11},"b":{"0":[2,2],"1":[2,0],"2":[0,1],"3":[1,0],"4":[0,2],"5":[2,2],"6":[0,0],"7":[17,17,4],"8":[11,11,4],"9":[0,7]},"_coverageSchema":"332fd63041d2c1bcb487cc26dd0d5f7d97098a6c","hash":"c504b185dcc4b106ab99dda23b6233f07d8a2ae4","contentHash":"87ff29907cc6c97f437c52fc4393e92c_11.8.0"},"C:\\Users\\McCharley Okafor\\Desktop\\maintenance-tracker\\Maintenance-tracker\\server\\middlewares\\checkDuplicateRequest.js":{"path":"C:\\Users\\McCharley Okafor\\Desktop\\maintenance-tracker\\Maintenance-tracker\\server\\middlewares\\checkDuplicateRequest.js","statementMap":{"0":{"start":{"line":3,"column":0},"end":{"line":5,"column":3}},"1":{"start":{"line":7,"column":19},"end":{"line":7,"column":563}},"2":{"start":{"line":7,"column":76},"end":{"line":7,"column":347}},"3":{"start":{"line":7,"column":134},"end":{"line":7,"column":142}},"4":{"start":{"line":7,"column":144},"end":{"line":7,"column":199}},"5":{"start":{"line":7,"column":200},"end":{"line":7,"column":231}},"6":{"start":{"line":7,"column":232},"end":{"line":7,"column":286}},"7":{"start":{"line":7,"column":259},"end":{"line":7,"column":286}},"8":{"start":{"line":7,"column":287},"end":{"line":7,"column":345}},"9":{"start":{"line":7,"column":350},"end":{"line":7,"column":559}},"10":{"start":{"line":7,"column":407},"end":{"line":7,"column":475}},"11":{"start":{"line":7,"column":423},"end":{"line":7,"column":475}},"12":{"start":{"line":7,"column":476},"end":{"line":7,"column":536}},"13":{"start":{"line":7,"column":493},"end":{"line":7,"column":536}},"14":{"start":{"line":7,"column":537},"end":{"line":7,"column":556}},"15":{"start":{"line":9,"column":18},"end":{"line":9,"column":50}},"16":{"start":{"line":11,"column":19},"end":{"line":11,"column":54}},"17":{"start":{"line":13,"column":39},"end":{"line":13,"column":93}},"18":{"start":{"line":15,"column":50},"end":{"line":15,"column":151}},"19":{"start":{"line":15,"column":92},"end":{"line":15,"column":149}},"20":{"start":{"line":17,"column":13},"end":{"line":17,"column":40}},"21":{"start":{"line":18,"column":0},"end":{"line":18,"column":17}},"22":{"start":{"line":24,"column":21},"end":{"line":71,"column":3}},"23":{"start":{"line":26,"column":4},"end":{"line":26,"column":42}},"24":{"start":{"line":29,"column":2},"end":{"line":68,"column":6}},"25":{"start":{"line":44,"column":19},"end":{"line":44,"column":34}},"26":{"start":{"line":46,"column":22},"end":{"line":46,"column":30}},"27":{"start":{"line":47,"column":18},"end":{"line":47,"column":33}},"28":{"start":{"line":48,"column":23},"end":{"line":48,"column":43}},"29":{"start":{"line":49,"column":22},"end":{"line":49,"column":41}},"30":{"start":{"line":50,"column":25},"end":{"line":50,"column":47}},"31":{"start":{"line":51,"column":24},"end":{"line":51,"column":45}},"32":{"start":{"line":53,"column":34},"end":{"line":56,"column":7}},"33":{"start":{"line":57,"column":6},"end":{"line":66,"column":9}},"34":{"start":{"line":58,"column":8},"end":{"line":63,"column":9}},"35":{"start":{"line":59,"column":10},"end":{"line":62,"column":13}},"36":{"start":{"line":63,"column":9},"end":{"line":63,"column":23}},"37":{"start":{"line":65,"column":8},"end":{"line":65,"column":42}},"38":{"start":{"line":70,"column":2},"end":{"line":70,"column":24}},"39":{"start":{"line":73,"column":0},"end":{"line":73,"column":33}}},"fnMap":{"0":{"name":"(anonymous_0)","decl":{"start":{"line":7,"column":19},"end":{"line":7,"column":20}},"loc":{"start":{"line":7,"column":31},"end":{"line":7,"column":561}},"line":7},"1":{"name":"defineProperties","decl":{"start":{"line":7,"column":42},"end":{"line":7,"column":58}},"loc":{"start":{"line":7,"column":74},"end":{"line":7,"column":349}},"line":7},"2":{"name":"(anonymous_2)","decl":{"start":{"line":7,"column":357},"end":{"line":7,"column":358}},"loc":{"start":{"line":7,"column":405},"end":{"line":7,"column":558}},"line":7},"3":{"name":"_interopRequireDefault","decl":{"start":{"line":13,"column":9},"end":{"line":13,"column":31}},"loc":{"start":{"line":13,"column":37},"end":{"line":13,"column":95}},"line":13},"4":{"name":"_classCallCheck","decl":{"start":{"line":15,"column":9},"end":{"line":15,"column":24}},"loc":{"start":{"line":15,"column":48},"end":{"line":15,"column":153}},"line":15},"5":{"name":"(anonymous_5)","decl":{"start":{"line":24,"column":21},"end":{"line":24,"column":22}},"loc":{"start":{"line":24,"column":33},"end":{"line":71,"column":1}},"line":24},"6":{"name":"checkDuplicate","decl":{"start":{"line":25,"column":11},"end":{"line":25,"column":25}},"loc":{"start":{"line":25,"column":28},"end":{"line":27,"column":3}},"line":25},"7":{"name":"checkDuplicate","decl":{"start":{"line":43,"column":20},"end":{"line":43,"column":34}},"loc":{"start":{"line":43,"column":51},"end":{"line":67,"column":5}},"line":43},"8":{"name":"(anonymous_8)","decl":{"start":{"line":57,"column":47},"end":{"line":57,"column":48}},"loc":{"start":{"line":57,"column":81},"end":{"line":64,"column":7}},"line":57},"9":{"name":"(anonymous_9)","decl":{"start":{"line":64,"column":15},"end":{"line":64,"column":16}},"loc":{"start":{"line":64,"column":30},"end":{"line":66,"column":7}},"line":64}},"branchMap":{"0":{"loc":{"start":{"line":7,"column":168},"end":{"line":7,"column":198}},"type":"binary-expr","locations":[{"start":{"line":7,"column":168},"end":{"line":7,"column":189}},{"start":{"line":7,"column":193},"end":{"line":7,"column":198}}],"line":7},"1":{"loc":{"start":{"line":7,"column":232},"end":{"line":7,"column":286}},"type":"if","locations":[{"start":{"line":7,"column":232},"end":{"line":7,"column":286}},{"start":{"line":7,"column":232},"end":{"line":7,"column":286}}],"line":7},"2":{"loc":{"start":{"line":7,"column":407},"end":{"line":7,"column":475}},"type":"if","locations":[{"start":{"line":7,"column":407},"end":{"line":7,"column":475}},{"start":{"line":7,"column":407},"end":{"line":7,"column":475}}],"line":7},"3":{"loc":{"start":{"line":7,"column":476},"end":{"line":7,"column":536}},"type":"if","locations":[{"start":{"line":7,"column":476},"end":{"line":7,"column":536}},{"start":{"line":7,"column":476},"end":{"line":7,"column":536}}],"line":7},"4":{"loc":{"start":{"line":13,"column":46},"end":{"line":13,"column":92}},"type":"cond-expr","locations":[{"start":{"line":13,"column":70},"end":{"line":13,"column":73}},{"start":{"line":13,"column":76},"end":{"line":13,"column":92}}],"line":13},"5":{"loc":{"start":{"line":13,"column":46},"end":{"line":13,"column":67}},"type":"binary-expr","locations":[{"start":{"line":13,"column":46},"end":{"line":13,"column":49}},{"start":{"line":13,"column":53},"end":{"line":13,"column":67}}],"line":13},"6":{"loc":{"start":{"line":15,"column":50},"end":{"line":15,"column":151}},"type":"if","locations":[{"start":{"line":15,"column":50},"end":{"line":15,"column":151}},{"start":{"line":15,"column":50},"end":{"line":15,"column":151}}],"line":15},"7":{"loc":{"start":{"line":58,"column":8},"end":{"line":63,"column":9}},"type":"if","locations":[{"start":{"line":58,"column":8},"end":{"line":63,"column":9}},{"start":{"line":58,"column":8},"end":{"line":63,"column":9}}],"line":58}},"s":{"0":1,"1":1,"2":1,"3":1,"4":1,"5":1,"6":1,"7":1,"8":1,"9":1,"10":1,"11":0,"12":1,"13":1,"14":1,"15":1,"16":1,"17":1,"18":0,"19":0,"20":1,"21":1,"22":1,"23":0,"24":1,"25":10,"26":10,"27":10,"28":10,"29":10,"30":10,"31":10,"32":10,"33":10,"34":10,"35":0,"36":10,"37":0,"38":1,"39":1},"f":{"0":1,"1":1,"2":1,"3":1,"4":0,"5":1,"6":0,"7":10,"8":10,"9":0},"b":{"0":[1,1],"1":[1,0],"2":[0,1],"3":[1,0],"4":[1,0],"5":[1,1],"6":[0,0],"7":[0,10]},"_coverageSchema":"332fd63041d2c1bcb487cc26dd0d5f7d97098a6c","hash":"4065e40d1fbde982fd032024d6707cf0db171bce","contentHash":"4e52de839596ad19a16f68fe10f4cd5b_11.8.0"},"C:\\Users\\McCharley Okafor\\Desktop\\maintenance-tracker\\Maintenance-tracker\\server\\middlewares\\checkForId.js":{"path":"C:\\Users\\McCharley Okafor\\Desktop\\maintenance-tracker\\Maintenance-tracker\\server\\middlewares\\checkForId.js","statementMap":{"0":{"start":{"line":3,"column":0},"end":{"line":5,"column":3}},"1":{"start":{"line":7,"column":18},"end":{"line":7,"column":50}},"2":{"start":{"line":9,"column":19},"end":{"line":9,"column":54}},"3":{"start":{"line":11,"column":39},"end":{"line":11,"column":93}},"4":{"start":{"line":13,"column":13},"end":{"line":13,"column":40}},"5":{"start":{"line":14,"column":0},"end":{"line":14,"column":17}},"6":{"start":{"line":16,"column":22},"end":{"line":30,"column":1}},"7":{"start":{"line":17,"column":18},"end":{"line":17,"column":45}},"8":{"start":{"line":18,"column":20},"end":{"line":18,"column":77}},"9":{"start":{"line":19,"column":2},"end":{"line":29,"column":5}},"10":{"start":{"line":20,"column":4},"end":{"line":25,"column":5}},"11":{"start":{"line":21,"column":6},"end":{"line":24,"column":9}},"12":{"start":{"line":25,"column":5},"end":{"line":25,"column":63}},"13":{"start":{"line":26,"column":4},"end":{"line":26,"column":18}},"14":{"start":{"line":28,"column":4},"end":{"line":28,"column":38}},"15":{"start":{"line":31,"column":0},"end":{"line":31,"column":34}}},"fnMap":{"0":{"name":"_interopRequireDefault","decl":{"start":{"line":11,"column":9},"end":{"line":11,"column":31}},"loc":{"start":{"line":11,"column":37},"end":{"line":11,"column":95}},"line":11},"1":{"name":"findRequestById","decl":{"start":{"line":16,"column":31},"end":{"line":16,"column":46}},"loc":{"start":{"line":16,"column":63},"end":{"line":30,"column":1}},"line":16},"2":{"name":"(anonymous_2)","decl":{"start":{"line":19,"column":33},"end":{"line":19,"column":34}},"loc":{"start":{"line":19,"column":57},"end":{"line":27,"column":3}},"line":19},"3":{"name":"(anonymous_3)","decl":{"start":{"line":27,"column":11},"end":{"line":27,"column":12}},"loc":{"start":{"line":27,"column":26},"end":{"line":29,"column":3}},"line":27}},"branchMap":{"0":{"loc":{"start":{"line":11,"column":46},"end":{"line":11,"column":92}},"type":"cond-expr","locations":[{"start":{"line":11,"column":70},"end":{"line":11,"column":73}},{"start":{"line":11,"column":76},"end":{"line":11,"column":92}}],"line":11},"1":{"loc":{"start":{"line":11,"column":46},"end":{"line":11,"column":67}},"type":"binary-expr","locations":[{"start":{"line":11,"column":46},"end":{"line":11,"column":49}},{"start":{"line":11,"column":53},"end":{"line":11,"column":67}}],"line":11},"2":{"loc":{"start":{"line":20,"column":4},"end":{"line":25,"column":5}},"type":"if","locations":[{"start":{"line":20,"column":4},"end":{"line":25,"column":5}},{"start":{"line":20,"column":4},"end":{"line":25,"column":5}}],"line":20}},"s":{"0":1,"1":1,"2":1,"3":1,"4":1,"5":1,"6":1,"7":3,"8":3,"9":3,"10":3,"11":0,"12":3,"13":3,"14":0,"15":1},"f":{"0":1,"1":3,"2":3,"3":0},"b":{"0":[1,0],"1":[1,1],"2":[0,3]},"_coverageSchema":"332fd63041d2c1bcb487cc26dd0d5f7d97098a6c","hash":"8ab414a15acf65e77e1b9726a6bf28ce8de4fca0","contentHash":"cf42165c2a9d2457abfb6be6a688b017_11.8.0"},"C:\\Users\\McCharley Okafor\\Desktop\\maintenance-tracker\\Maintenance-tracker\\server\\controllers\\requestController.js":{"path":"C:\\Users\\McCharley Okafor\\Desktop\\maintenance-tracker\\Maintenance-tracker\\server\\controllers\\requestController.js","statementMap":{"0":{"start":{"line":3,"column":0},"end":{"line":5,"column":3}},"1":{"start":{"line":7,"column":15},"end":{"line":7,"column":256}},"2":{"start":{"line":7,"column":52},"end":{"line":7,"column":239}},"3":{"start":{"line":7,"column":110},"end":{"line":7,"column":122}},"4":{"start":{"line":7,"column":124},"end":{"line":7,"column":237}},"5":{"start":{"line":7,"column":150},"end":{"line":7,"column":235}},"6":{"start":{"line":7,"column":207},"end":{"line":7,"column":233}},"7":{"start":{"line":7,"column":240},"end":{"line":7,"column":254}},"8":{"start":{"line":9,"column":19},"end":{"line":9,"column":563}},"9":{"start":{"line":9,"column":76},"end":{"line":9,"column":347}},"10":{"start":{"line":9,"column":134},"end":{"line":9,"column":142}},"11":{"start":{"line":9,"column":144},"end":{"line":9,"column":199}},"12":{"start":{"line":9,"column":200},"end":{"line":9,"column":231}},"13":{"start":{"line":9,"column":232},"end":{"line":9,"column":286}},"14":{"start":{"line":9,"column":259},"end":{"line":9,"column":286}},"15":{"start":{"line":9,"column":287},"end":{"line":9,"column":345}},"16":{"start":{"line":9,"column":350},"end":{"line":9,"column":559}},"17":{"start":{"line":9,"column":407},"end":{"line":9,"column":475}},"18":{"start":{"line":9,"column":423},"end":{"line":9,"column":475}},"19":{"start":{"line":9,"column":476},"end":{"line":9,"column":536}},"20":{"start":{"line":9,"column":493},"end":{"line":9,"column":536}},"21":{"start":{"line":9,"column":537},"end":{"line":9,"column":556}},"22":{"start":{"line":11,"column":18},"end":{"line":11,"column":50}},"23":{"start":{"line":13,"column":19},"end":{"line":13,"column":54}},"24":{"start":{"line":15,"column":39},"end":{"line":15,"column":93}},"25":{"start":{"line":17,"column":50},"end":{"line":17,"column":151}},"26":{"start":{"line":17,"column":92},"end":{"line":17,"column":149}},"27":{"start":{"line":19,"column":13},"end":{"line":19,"column":40}},"28":{"start":{"line":20,"column":0},"end":{"line":20,"column":17}},"29":{"start":{"line":29,"column":24},"end":{"line":207,"column":3}},"30":{"start":{"line":31,"column":4},"end":{"line":31,"column":45}},"31":{"start":{"line":34,"column":2},"end":{"line":204,"column":6}},"32":{"start":{"line":48,"column":15},"end":{"line":48,"column":30}},"33":{"start":{"line":50,"column":24},"end":{"line":50,"column":68}},"34":{"start":{"line":51,"column":6},"end":{"line":67,"column":9}},"35":{"start":{"line":52,"column":8},"end":{"line":57,"column":9}},"36":{"start":{"line":53,"column":10},"end":{"line":56,"column":13}},"37":{"start":{"line":58,"column":8},"end":{"line":64,"column":11}},"38":{"start":{"line":66,"column":8},"end":{"line":66,"column":42}},"39":{"start":{"line":83,"column":15},"end":{"line":83,"column":30}},"40":{"start":{"line":85,"column":22},"end":{"line":85,"column":49}},"41":{"start":{"line":86,"column":28},"end":{"line":86,"column":100}},"42":{"start":{"line":88,"column":6},"end":{"line":110,"column":9}},"43":{"start":{"line":89,"column":8},"end":{"line":94,"column":9}},"44":{"start":{"line":90,"column":10},"end":{"line":93,"column":13}},"45":{"start":{"line":95,"column":8},"end":{"line":103,"column":9}},"46":{"start":{"line":96,"column":10},"end":{"line":102,"column":13}},"47":{"start":{"line":104,"column":8},"end":{"line":107,"column":11}},"48":{"start":{"line":109,"column":8},"end":{"line":109,"column":42}},"49":{"start":{"line":126,"column":15},"end":{"line":126,"column":30}},"50":{"start":{"line":127,"column":22},"end":{"line":127,"column":30}},"51":{"start":{"line":128,"column":18},"end":{"line":128,"column":33}},"52":{"start":{"line":129,"column":23},"end":{"line":129,"column":43}},"53":{"start":{"line":130,"column":22},"end":{"line":130,"column":41}},"54":{"start":{"line":131,"column":25},"end":{"line":131,"column":47}},"55":{"start":{"line":132,"column":24},"end":{"line":132,"column":45}},"56":{"start":{"line":134,"column":21},"end":{"line":134,"column":373}},"57":{"start":{"line":135,"column":6},"end":{"line":145,"column":9}},"58":{"start":{"line":136,"column":8},"end":{"line":142,"column":11}},"59":{"start":{"line":144,"column":8},"end":{"line":144,"column":42}},"60":{"start":{"line":162,"column":22},"end":{"line":162,"column":49}},"61":{"start":{"line":163,"column":15},"end":{"line":163,"column":30}},"62":{"start":{"line":165,"column":28},"end":{"line":165,"column":100}},"63":{"start":{"line":166,"column":6},"end":{"line":202,"column":9}},"64":{"start":{"line":167,"column":8},"end":{"line":172,"column":9}},"65":{"start":{"line":168,"column":10},"end":{"line":171,"column":13}},"66":{"start":{"line":173,"column":43},"end":{"line":173,"column":91}},"67":{"start":{"line":174,"column":20},"end":{"line":174,"column":54}},"68":{"start":{"line":175,"column":25},"end":{"line":175,"column":64}},"69":{"start":{"line":176,"column":24},"end":{"line":176,"column":62}},"70":{"start":{"line":177,"column":27},"end":{"line":177,"column":68}},"71":{"start":{"line":178,"column":26},"end":{"line":178,"column":66}},"72":{"start":{"line":180,"column":28},"end":{"line":184,"column":9}},"73":{"start":{"line":185,"column":8},"end":{"line":199,"column":11}},"74":{"start":{"line":186,"column":10},"end":{"line":194,"column":11}},"75":{"start":{"line":187,"column":12},"end":{"line":193,"column":15}},"76":{"start":{"line":195,"column":10},"end":{"line":198,"column":13}},"77":{"start":{"line":201,"column":8},"end":{"line":201,"column":42}},"78":{"start":{"line":206,"column":2},"end":{"line":206,"column":27}},"79":{"start":{"line":209,"column":0},"end":{"line":209,"column":36}}},"fnMap":{"0":{"name":"(anonymous_0)","decl":{"start":{"line":7,"column":32},"end":{"line":7,"column":33}},"loc":{"start":{"line":7,"column":50},"end":{"line":7,"column":256}},"line":7},"1":{"name":"(anonymous_1)","decl":{"start":{"line":9,"column":19},"end":{"line":9,"column":20}},"loc":{"start":{"line":9,"column":31},"end":{"line":9,"column":561}},"line":9},"2":{"name":"defineProperties","decl":{"start":{"line":9,"column":42},"end":{"line":9,"column":58}},"loc":{"start":{"line":9,"column":74},"end":{"line":9,"column":349}},"line":9},"3":{"name":"(anonymous_3)","decl":{"start":{"line":9,"column":357},"end":{"line":9,"column":358}},"loc":{"start":{"line":9,"column":405},"end":{"line":9,"column":558}},"line":9},"4":{"name":"_interopRequireDefault","decl":{"start":{"line":15,"column":9},"end":{"line":15,"column":31}},"loc":{"start":{"line":15,"column":37},"end":{"line":15,"column":95}},"line":15},"5":{"name":"_classCallCheck","decl":{"start":{"line":17,"column":9},"end":{"line":17,"column":24}},"loc":{"start":{"line":17,"column":48},"end":{"line":17,"column":153}},"line":17},"6":{"name":"(anonymous_6)","decl":{"start":{"line":29,"column":24},"end":{"line":29,"column":25}},"loc":{"start":{"line":29,"column":36},"end":{"line":207,"column":1}},"line":29},"7":{"name":"RequestController","decl":{"start":{"line":30,"column":11},"end":{"line":30,"column":28}},"loc":{"start":{"line":30,"column":31},"end":{"line":32,"column":3}},"line":30},"8":{"name":"getAllRequests","decl":{"start":{"line":47,"column":20},"end":{"line":47,"column":34}},"loc":{"start":{"line":47,"column":45},"end":{"line":68,"column":5}},"line":47},"9":{"name":"(anonymous_9)","decl":{"start":{"line":51,"column":37},"end":{"line":51,"column":38}},"loc":{"start":{"line":51,"column":61},"end":{"line":65,"column":7}},"line":51},"10":{"name":"(anonymous_10)","decl":{"start":{"line":65,"column":15},"end":{"line":65,"column":16}},"loc":{"start":{"line":65,"column":30},"end":{"line":67,"column":7}},"line":65},"11":{"name":"getRequestById","decl":{"start":{"line":82,"column":20},"end":{"line":82,"column":34}},"loc":{"start":{"line":82,"column":45},"end":{"line":111,"column":5}},"line":82},"12":{"name":"(anonymous_12)","decl":{"start":{"line":88,"column":41},"end":{"line":88,"column":42}},"loc":{"start":{"line":88,"column":69},"end":{"line":108,"column":7}},"line":88},"13":{"name":"(anonymous_13)","decl":{"start":{"line":108,"column":15},"end":{"line":108,"column":16}},"loc":{"start":{"line":108,"column":30},"end":{"line":110,"column":7}},"line":108},"14":{"name":"createRequest","decl":{"start":{"line":125,"column":20},"end":{"line":125,"column":33}},"loc":{"start":{"line":125,"column":44},"end":{"line":146,"column":5}},"line":125},"15":{"name":"(anonymous_15)","decl":{"start":{"line":135,"column":34},"end":{"line":135,"column":35}},"loc":{"start":{"line":135,"column":56},"end":{"line":143,"column":7}},"line":135},"16":{"name":"(anonymous_16)","decl":{"start":{"line":143,"column":15},"end":{"line":143,"column":16}},"loc":{"start":{"line":143,"column":30},"end":{"line":145,"column":7}},"line":143},"17":{"name":"updateRequest","decl":{"start":{"line":161,"column":20},"end":{"line":161,"column":33}},"loc":{"start":{"line":161,"column":44},"end":{"line":203,"column":5}},"line":161},"18":{"name":"(anonymous_18)","decl":{"start":{"line":166,"column":41},"end":{"line":166,"column":42}},"loc":{"start":{"line":166,"column":69},"end":{"line":200,"column":7}},"line":166},"19":{"name":"(anonymous_19)","decl":{"start":{"line":185,"column":48},"end":{"line":185,"column":49}},"loc":{"start":{"line":185,"column":77},"end":{"line":199,"column":9}},"line":185},"20":{"name":"(anonymous_20)","decl":{"start":{"line":200,"column":15},"end":{"line":200,"column":16}},"loc":{"start":{"line":200,"column":30},"end":{"line":202,"column":7}},"line":200}},"branchMap":{"0":{"loc":{"start":{"line":7,"column":15},"end":{"line":7,"column":256}},"type":"binary-expr","locations":[{"start":{"line":7,"column":15},"end":{"line":7,"column":28}},{"start":{"line":7,"column":32},"end":{"line":7,"column":256}}],"line":7},"1":{"loc":{"start":{"line":7,"column":150},"end":{"line":7,"column":235}},"type":"if","locations":[{"start":{"line":7,"column":150},"end":{"line":7,"column":235}},{"start":{"line":7,"column":150},"end":{"line":7,"column":235}}],"line":7},"2":{"loc":{"start":{"line":9,"column":168},"end":{"line":9,"column":198}},"type":"binary-expr","locations":[{"start":{"line":9,"column":168},"end":{"line":9,"column":189}},{"start":{"line":9,"column":193},"end":{"line":9,"column":198}}],"line":9},"3":{"loc":{"start":{"line":9,"column":232},"end":{"line":9,"column":286}},"type":"if","locations":[{"start":{"line":9,"column":232},"end":{"line":9,"column":286}},{"start":{"line":9,"column":232},"end":{"line":9,"column":286}}],"line":9},"4":{"loc":{"start":{"line":9,"column":407},"end":{"line":9,"column":475}},"type":"if","locations":[{"start":{"line":9,"column":407},"end":{"line":9,"column":475}},{"start":{"line":9,"column":407},"end":{"line":9,"column":475}}],"line":9},"5":{"loc":{"start":{"line":9,"column":476},"end":{"line":9,"column":536}},"type":"if","locations":[{"start":{"line":9,"column":476},"end":{"line":9,"column":536}},{"start":{"line":9,"column":476},"end":{"line":9,"column":536}}],"line":9},"6":{"loc":{"start":{"line":15,"column":46},"end":{"line":15,"column":92}},"type":"cond-expr","locations":[{"start":{"line":15,"column":70},"end":{"line":15,"column":73}},{"start":{"line":15,"column":76},"end":{"line":15,"column":92}}],"line":15},"7":{"loc":{"start":{"line":15,"column":46},"end":{"line":15,"column":67}},"type":"binary-expr","locations":[{"start":{"line":15,"column":46},"end":{"line":15,"column":49}},{"start":{"line":15,"column":53},"end":{"line":15,"column":67}}],"line":15},"8":{"loc":{"start":{"line":17,"column":50},"end":{"line":17,"column":151}},"type":"if","locations":[{"start":{"line":17,"column":50},"end":{"line":17,"column":151}},{"start":{"line":17,"column":50},"end":{"line":17,"column":151}}],"line":17},"9":{"loc":{"start":{"line":52,"column":8},"end":{"line":57,"column":9}},"type":"if","locations":[{"start":{"line":52,"column":8},"end":{"line":57,"column":9}},{"start":{"line":52,"column":8},"end":{"line":57,"column":9}}],"line":52},"10":{"loc":{"start":{"line":89,"column":8},"end":{"line":94,"column":9}},"type":"if","locations":[{"start":{"line":89,"column":8},"end":{"line":94,"column":9}},{"start":{"line":89,"column":8},"end":{"line":94,"column":9}}],"line":89},"11":{"loc":{"start":{"line":95,"column":8},"end":{"line":103,"column":9}},"type":"if","locations":[{"start":{"line":95,"column":8},"end":{"line":103,"column":9}},{"start":{"line":95,"column":8},"end":{"line":103,"column":9}}],"line":95},"12":{"loc":{"start":{"line":167,"column":8},"end":{"line":172,"column":9}},"type":"if","locations":[{"start":{"line":167,"column":8},"end":{"line":172,"column":9}},{"start":{"line":167,"column":8},"end":{"line":172,"column":9}}],"line":167},"13":{"loc":{"start":{"line":186,"column":10},"end":{"line":194,"column":11}},"type":"if","locations":[{"start":{"line":186,"column":10},"end":{"line":194,"column":11}},{"start":{"line":186,"column":10},"end":{"line":194,"column":11}}],"line":186}},"s":{"0":1,"1":1,"2":0,"3":0,"4":0,"5":0,"6":0,"7":0,"8":1,"9":1,"10":4,"11":4,"12":4,"13":4,"14":4,"15":4,"16":1,"17":1,"18":0,"19":1,"20":1,"21":1,"22":1,"23":1,"24":1,"25":0,"26":0,"27":1,"28":1,"29":1,"30":0,"31":1,"32":1,"33":1,"34":1,"35":1,"36":0,"37":1,"38":0,"39":1,"40":1,"41":1,"42":1,"43":1,"44":0,"45":1,"46":1,"47":0,"48":0,"49":1,"50":1,"51":1,"52":1,"53":1,"54":1,"55":1,"56":1,"57":1,"58":1,"59":0,"60":1,"61":1,"62":1,"63":1,"64":1,"65":0,"66":1,"67":1,"68":1,"69":1,"70":1,"71":1,"72":1,"73":1,"74":1,"75":1,"76":1,"77":1,"78":1,"79":1},"f":{"0":0,"1":1,"2":1,"3":1,"4":1,"5":0,"6":1,"7":0,"8":1,"9":1,"10":0,"11":1,"12":1,"13":0,"14":1,"15":1,"16":0,"17":1,"18":1,"19":1,"20":1},"b":{"0":[1,0],"1":[0,0],"2":[4,4],"3":[4,0],"4":[0,1],"5":[1,0],"6":[1,0],"7":[1,1],"8":[0,0],"9":[0,1],"10":[0,1],"11":[1,0],"12":[0,1],"13":[1,0]},"_coverageSchema":"332fd63041d2c1bcb487cc26dd0d5f7d97098a6c","hash":"8cb35a0787390ef5acf0c0376bd2ff11961aa6f5","contentHash":"1aaa2b761dd5f35f929c47ebc3aa637e_11.8.0"},"C:\\Users\\McCharley Okafor\\Desktop\\maintenance-tracker\\Maintenance-tracker\\server\\controllers\\userController.js":{"path":"C:\\Users\\McCharley Okafor\\Desktop\\maintenance-tracker\\Maintenance-tracker\\server\\controllers\\userController.js","statementMap":{"0":{"start":{"line":3,"column":0},"end":{"line":5,"column":3}},"1":{"start":{"line":7,"column":19},"end":{"line":7,"column":563}},"2":{"start":{"line":7,"column":76},"end":{"line":7,"column":347}},"3":{"start":{"line":7,"column":134},"end":{"line":7,"column":142}},"4":{"start":{"line":7,"column":144},"end":{"line":7,"column":199}},"5":{"start":{"line":7,"column":200},"end":{"line":7,"column":231}},"6":{"start":{"line":7,"column":232},"end":{"line":7,"column":286}},"7":{"start":{"line":7,"column":259},"end":{"line":7,"column":286}},"8":{"start":{"line":7,"column":287},"end":{"line":7,"column":345}},"9":{"start":{"line":7,"column":350},"end":{"line":7,"column":559}},"10":{"start":{"line":7,"column":407},"end":{"line":7,"column":475}},"11":{"start":{"line":7,"column":423},"end":{"line":7,"column":475}},"12":{"start":{"line":7,"column":476},"end":{"line":7,"column":536}},"13":{"start":{"line":7,"column":493},"end":{"line":7,"column":536}},"14":{"start":{"line":7,"column":537},"end":{"line":7,"column":556}},"15":{"start":{"line":9,"column":14},"end":{"line":9,"column":31}},"16":{"start":{"line":11,"column":15},"end":{"line":11,"column":46}},"17":{"start":{"line":13,"column":18},"end":{"line":13,"column":50}},"18":{"start":{"line":15,"column":19},"end":{"line":15,"column":54}},"19":{"start":{"line":17,"column":19},"end":{"line":17,"column":52}},"20":{"start":{"line":19,"column":20},"end":{"line":19,"column":56}},"21":{"start":{"line":21,"column":39},"end":{"line":21,"column":93}},"22":{"start":{"line":23,"column":50},"end":{"line":23,"column":151}},"23":{"start":{"line":23,"column":92},"end":{"line":23,"column":149}},"24":{"start":{"line":25,"column":13},"end":{"line":25,"column":40}},"25":{"start":{"line":26,"column":0},"end":{"line":26,"column":17}},"26":{"start":{"line":35,"column":21},"end":{"line":133,"column":3}},"27":{"start":{"line":37,"column":4},"end":{"line":37,"column":42}},"28":{"start":{"line":40,"column":2},"end":{"line":130,"column":6}},"29":{"start":{"line":54,"column":21},"end":{"line":54,"column":76}},"30":{"start":{"line":55,"column":22},"end":{"line":55,"column":30}},"31":{"start":{"line":56,"column":17},"end":{"line":56,"column":31}},"32":{"start":{"line":57,"column":18},"end":{"line":57,"column":33}},"33":{"start":{"line":60,"column":17},"end":{"line":60,"column":207}},"34":{"start":{"line":61,"column":6},"end":{"line":78,"column":9}},"35":{"start":{"line":62,"column":20},"end":{"line":62,"column":63}},"36":{"start":{"line":63,"column":8},"end":{"line":75,"column":11}},"37":{"start":{"line":77,"column":8},"end":{"line":77,"column":34}},"38":{"start":{"line":94,"column":23},"end":{"line":94,"column":31}},"39":{"start":{"line":95,"column":18},"end":{"line":95,"column":34}},"40":{"start":{"line":96,"column":21},"end":{"line":96,"column":40}},"41":{"start":{"line":98,"column":21},"end":{"line":98,"column":75}},"42":{"start":{"line":99,"column":6},"end":{"line":128,"column":9}},"43":{"start":{"line":100,"column":8},"end":{"line":105,"column":9}},"44":{"start":{"line":101,"column":10},"end":{"line":104,"column":13}},"45":{"start":{"line":106,"column":8},"end":{"line":111,"column":9}},"46":{"start":{"line":107,"column":10},"end":{"line":110,"column":13}},"47":{"start":{"line":112,"column":20},"end":{"line":112,"column":65}},"48":{"start":{"line":113,"column":8},"end":{"line":125,"column":11}},"49":{"start":{"line":127,"column":8},"end":{"line":127,"column":34}},"50":{"start":{"line":132,"column":2},"end":{"line":132,"column":24}},"51":{"start":{"line":135,"column":0},"end":{"line":135,"column":33}}},"fnMap":{"0":{"name":"(anonymous_0)","decl":{"start":{"line":7,"column":19},"end":{"line":7,"column":20}},"loc":{"start":{"line":7,"column":31},"end":{"line":7,"column":561}},"line":7},"1":{"name":"defineProperties","decl":{"start":{"line":7,"column":42},"end":{"line":7,"column":58}},"loc":{"start":{"line":7,"column":74},"end":{"line":7,"column":349}},"line":7},"2":{"name":"(anonymous_2)","decl":{"start":{"line":7,"column":357},"end":{"line":7,"column":358}},"loc":{"start":{"line":7,"column":405},"end":{"line":7,"column":558}},"line":7},"3":{"name":"_interopRequireDefault","decl":{"start":{"line":21,"column":9},"end":{"line":21,"column":31}},"loc":{"start":{"line":21,"column":37},"end":{"line":21,"column":95}},"line":21},"4":{"name":"_classCallCheck","decl":{"start":{"line":23,"column":9},"end":{"line":23,"column":24}},"loc":{"start":{"line":23,"column":48},"end":{"line":23,"column":153}},"line":23},"5":{"name":"(anonymous_5)","decl":{"start":{"line":35,"column":21},"end":{"line":35,"column":22}},"loc":{"start":{"line":35,"column":33},"end":{"line":133,"column":1}},"line":35},"6":{"name":"UserController","decl":{"start":{"line":36,"column":11},"end":{"line":36,"column":25}},"loc":{"start":{"line":36,"column":28},"end":{"line":38,"column":3}},"line":36},"7":{"name":"signupUser","decl":{"start":{"line":53,"column":20},"end":{"line":53,"column":30}},"loc":{"start":{"line":53,"column":41},"end":{"line":79,"column":5}},"line":53},"8":{"name":"(anonymous_8)","decl":{"start":{"line":61,"column":30},"end":{"line":61,"column":31}},"loc":{"start":{"line":61,"column":49},"end":{"line":76,"column":7}},"line":61},"9":{"name":"(anonymous_9)","decl":{"start":{"line":76,"column":15},"end":{"line":76,"column":16}},"loc":{"start":{"line":76,"column":30},"end":{"line":78,"column":7}},"line":76},"10":{"name":"signinUser","decl":{"start":{"line":93,"column":20},"end":{"line":93,"column":30}},"loc":{"start":{"line":93,"column":41},"end":{"line":129,"column":5}},"line":93},"11":{"name":"(anonymous_11)","decl":{"start":{"line":99,"column":34},"end":{"line":99,"column":35}},"loc":{"start":{"line":99,"column":55},"end":{"line":126,"column":7}},"line":99},"12":{"name":"(anonymous_12)","decl":{"start":{"line":126,"column":15},"end":{"line":126,"column":16}},"loc":{"start":{"line":126,"column":30},"end":{"line":128,"column":7}},"line":126}},"branchMap":{"0":{"loc":{"start":{"line":7,"column":168},"end":{"line":7,"column":198}},"type":"binary-expr","locations":[{"start":{"line":7,"column":168},"end":{"line":7,"column":189}},{"start":{"line":7,"column":193},"end":{"line":7,"column":198}}],"line":7},"1":{"loc":{"start":{"line":7,"column":232},"end":{"line":7,"column":286}},"type":"if","locations":[{"start":{"line":7,"column":232},"end":{"line":7,"column":286}},{"start":{"line":7,"column":232},"end":{"line":7,"column":286}}],"line":7},"2":{"loc":{"start":{"line":7,"column":407},"end":{"line":7,"column":475}},"type":"if","locations":[{"start":{"line":7,"column":407},"end":{"line":7,"column":475}},{"start":{"line":7,"column":407},"end":{"line":7,"column":475}}],"line":7},"3":{"loc":{"start":{"line":7,"column":476},"end":{"line":7,"column":536}},"type":"if","locations":[{"start":{"line":7,"column":476},"end":{"line":7,"column":536}},{"start":{"line":7,"column":476},"end":{"line":7,"column":536}}],"line":7},"4":{"loc":{"start":{"line":21,"column":46},"end":{"line":21,"column":92}},"type":"cond-expr","locations":[{"start":{"line":21,"column":70},"end":{"line":21,"column":73}},{"start":{"line":21,"column":76},"end":{"line":21,"column":92}}],"line":21},"5":{"loc":{"start":{"line":21,"column":46},"end":{"line":21,"column":67}},"type":"binary-expr","locations":[{"start":{"line":21,"column":46},"end":{"line":21,"column":49}},{"start":{"line":21,"column":53},"end":{"line":21,"column":67}}],"line":21},"6":{"loc":{"start":{"line":23,"column":50},"end":{"line":23,"column":151}},"type":"if","locations":[{"start":{"line":23,"column":50},"end":{"line":23,"column":151}},{"start":{"line":23,"column":50},"end":{"line":23,"column":151}}],"line":23},"7":{"loc":{"start":{"line":100,"column":8},"end":{"line":105,"column":9}},"type":"if","locations":[{"start":{"line":100,"column":8},"end":{"line":105,"column":9}},{"start":{"line":100,"column":8},"end":{"line":105,"column":9}}],"line":100},"8":{"loc":{"start":{"line":106,"column":8},"end":{"line":111,"column":9}},"type":"if","locations":[{"start":{"line":106,"column":8},"end":{"line":111,"column":9}},{"start":{"line":106,"column":8},"end":{"line":111,"column":9}}],"line":106}},"s":{"0":1,"1":1,"2":1,"3":2,"4":2,"5":2,"6":2,"7":2,"8":2,"9":1,"10":1,"11":0,"12":1,"13":1,"14":1,"15":1,"16":1,"17":1,"18":1,"19":1,"20":1,"21":3,"22":0,"23":0,"24":1,"25":1,"26":1,"27":0,"28":1,"29":2,"30":2,"31":2,"32":2,"33":2,"34":2,"35":2,"36":2,"37":0,"38":4,"39":4,"40":4,"41":4,"42":4,"43":4,"44":1,"45":3,"46":1,"47":2,"48":2,"49":0,"50":1,"51":1},"f":{"0":1,"1":1,"2":1,"3":3,"4":0,"5":1,"6":0,"7":2,"8":2,"9":0,"10":4,"11":4,"12":0},"b":{"0":[2,2],"1":[2,0],"2":[0,1],"3":[1,0],"4":[2,1],"5":[3,3],"6":[0,0],"7":[1,3],"8":[1,2]},"_coverageSchema":"332fd63041d2c1bcb487cc26dd0d5f7d97098a6c","hash":"ce256c5dccfb81378c37eff0055585e516bf2694","contentHash":"efc7766c89519947312002824df40ba9_11.8.0"},"C:\\Users\\McCharley Okafor\\Desktop\\maintenance-tracker\\Maintenance-tracker\\server\\helpers\\createToken.js":{"path":"C:\\Users\\McCharley Okafor\\Desktop\\maintenance-tracker\\Maintenance-tracker\\s
[...]
1.8.0"},"C:\\Users\\McCharley Okafor\\Desktop\\maintenance-tracker\\Maintenance-tracker\\server\\tests\\seededData.js":{"path":"C:\\Users\\McCharley Okafor\\Desktop\\maintenance-tracker\\Maintenance-tracker\\server\\tests\\seededData.js","statementMap":{"0":{"start":{"line":3,"column":0},"end":{"line":5,"column":3}},"1":{"start":{"line":6,"column":12},"end":{"line":24,"column":2}},"2":{"start":{"line":25,"column":0},"end":{"line":25,"column":24}}},"fnMap":{},"branchMap":{},"s":{"0":1,"1":1,"2":1},"f":{},"b":{},"_coverageSchema":"332fd63041d2c1bcb487cc26dd0d5f7d97098a6c","hash":"6eb7bd41a34d97101df4a92ec4993cfc4a45ab72","contentHash":"5f6e557cad79fcf6b52e7b3d9ecc9622_11.8.0"},"C:\\Users\\McCharley Okafor\\Desktop\\maintenance-tracker\\Maintenance-tracker\\server\\tests\\requests.js":{"path":"C:\\Users\\McCharley Okafor\\Desktop\\maintenance-tracker\\Maintenance-tracker\\server\\tests\\requests.js","statementMap":{"0":{"start":{"line":3,"column":16},"end":{"line":3,"column":36}},"1":{"start":{"line":5,"column":17},"end":{"line":5,"column":50}},"2":{"start":{"line":7,"column":12},"end":{"line":7,"column":27}},"3":{"start":{"line":9,"column":13},"end":{"line":9,"column":42}},"4":{"start":{"line":11,"column":11},"end":{"line":11,"column":28}},"5":{"start":{"line":13,"column":12},"end":{"line":13,"column":40}},"6":{"start":{"line":15,"column":18},"end":{"line":15,"column":41}},"7":{"start":{"line":17,"column":19},"end":{"line":17,"column":54}},"8":{"start":{"line":19,"column":39},"end":{"line":19,"column":93}},"9":{"start":{"line":21,"column":13},"end":{"line":21,"column":34}},"10":{"start":{"line":23,"column":0},"end":{"line":23,"column":39}},"11":{"start":{"line":25,"column":16},"end":{"line":25,"column":22}},"12":{"start":{"line":26,"column":17},"end":{"line":26,"column":41}},"13":{"start":{"line":27,"column":17},"end":{"line":27,"column":38}},"14":{"start":{"line":29,"column":0},"end":{"line":278,"column":3}},"15":{"start":{"line":30,"column":2},"end":{"line":35,"column":5}},"16":{"start":{"line":31,"column":4},"end":{"line":34,"column":7}},"17":{"start":{"line":32,"column":6},"end":{"line":32,"column":38}},"18":{"start":{"line":33,"column":6},"end":{"line":33,"column":13}},"19":{"start":{"line":36,"column":2},"end":{"line":190,"column":5}},"20":{"start":{"line":37,"column":4},"end":{"line":51,"column":7}},"21":{"start":{"line":38,"column":6},"end":{"line":50,"column":9}},"22":{"start":{"line":46,"column":8},"end":{"line":46,"column":41}},"23":{"start":{"line":47,"column":8},"end":{"line":47,"column":44}},"24":{"start":{"line":48,"column":8},"end":{"line":48,"column":86}},"25":{"start":{"line":49,"column":8},"end":{"line":49,"column":15}},"26":{"start":{"line":52,"column":4},"end":{"line":66,"column":7}},"27":{"start":{"line":53,"column":6},"end":{"line":65,"column":9}},"28":{"start":{"line":61,"column":8},"end":{"line":61,"column":41}},"29":{"start":{"line":62,"column":8},"end":{"line":62,"column":44}},"30":{"start":{"line":63,"column":8},"end":{"line":63,"column":98}},"31":{"start":{"line":64,"column":8},"end":{"line":64,"column":15}},"32":{"start":{"line":67,"column":4},"end":{"line":81,"column":7}},"33":{"start":{"line":68,"column":6},"end":{"line":80,"column":9}},"34":{"start":{"line":76,"column":8},"end":{"line":76,"column":41}},"35":{"start":{"line":77,"column":8},"end":{"line":77,"column":44}},"36":{"start":{"line":78,"column":8},"end":{"line":78,"column":96}},"37":{"start":{"line":79,"column":8},"end":{"line":79,"column":15}},"38":{"start":{"line":82,"column":4},"end":{"line":96,"column":7}},"39":{"start":{"line":83,"column":6},"end":{"line":95,"column":9}},"40":{"start":{"line":91,"column":8},"end":{"line":91,"column":41}},"41":{"start":{"line":92,"column":8},"end":{"line":92,"column":44}},"42":{"start":{"line":93,"column":8},"end":{"line":93,"column":94}},"43":{"start":{"line":94,"column":8},"end":{"line":94,"column":15}},"44":{"start":{"line":97,"column":4},"end":{"line":111,"column":7}},"45":{"start":{"line":98,"column":6},"end":{"line":110,"column":9}},"46":{"start":{"line":106,"column":8},"end":{"line":106,"column":41}},"47":{"start":{"line":107,"column":8},"end":{"line":107,"column":44}},"48":{"start":{"line":108,"column":8},"end":{"line":108,"column":100}},"49":{"start":{"line":109,"column":8},"end":{"line":109,"column":15}},"50":{"start":{"line":112,"column":4},"end":{"line":126,"column":7}},"51":{"start":{"line":113,"column":6},"end":{"line":125,"column":9}},"52":{"start":{"line":121,"column":8},"end":{"line":121,"column":41}},"53":{"start":{"line":122,"column":8},"end":{"line":122,"column":44}},"54":{"start":{"line":123,"column":8},"end":{"line":123,"column":98}},"55":{"start":{"line":124,"column":8},"end":{"line":124,"column":15}},"56":{"start":{"line":127,"column":4},"end":{"line":141,"column":7}},"57":{"start":{"line":128,"column":6},"end":{"line":140,"column":9}},"58":{"start":{"line":136,"column":8},"end":{"line":136,"column":41}},"59":{"start":{"line":137,"column":8},"end":{"line":137,"column":44}},"60":{"start":{"line":138,"column":8},"end":{"line":138,"column":112}},"61":{"start":{"line":139,"column":8},"end":{"line":139,"column":15}},"62":{"start":{"line":142,"column":4},"end":{"line":156,"column":7}},"63":{"start":{"line":143,"column":6},"end":{"line":155,"column":9}},"64":{"start":{"line":151,"column":8},"end":{"line":151,"column":41}},"65":{"start":{"line":152,"column":8},"end":{"line":152,"column":44}},"66":{"start":{"line":153,"column":8},"end":{"line":153,"column":110}},"67":{"start":{"line":154,"column":8},"end":{"line":154,"column":15}},"68":{"start":{"line":157,"column":4},"end":{"line":172,"column":7}},"69":{"start":{"line":158,"column":6},"end":{"line":171,"column":9}},"70":{"start":{"line":166,"column":8},"end":{"line":166,"column":41}},"71":{"start":{"line":167,"column":8},"end":{"line":167,"column":44}},"72":{"start":{"line":168,"column":8},"end":{"line":168,"column":74}},"73":{"start":{"line":169,"column":8},"end":{"line":169,"column":55}},"74":{"start":{"line":170,"column":8},"end":{"line":170,"column":15}},"75":{"start":{"line":174,"column":4},"end":{"line":189,"column":7}},"76":{"start":{"line":175,"column":6},"end":{"line":188,"column":9}},"77":{"start":{"line":183,"column":8},"end":{"line":183,"column":41}},"78":{"start":{"line":184,"column":8},"end":{"line":184,"column":44}},"79":{"start":{"line":185,"column":8},"end":{"line":185,"column":73}},"80":{"start":{"line":186,"column":8},"end":{"line":186,"column":52}},"81":{"start":{"line":187,"column":8},"end":{"line":187,"column":15}},"82":{"start":{"line":191,"column":2},"end":{"line":235,"column":5}},"83":{"start":{"line":192,"column":4},"end":{"line":206,"column":7}},"84":{"start":{"line":193,"column":6},"end":{"line":205,"column":9}},"85":{"start":{"line":201,"column":8},"end":{"line":201,"column":41}},"86":{"start":{"line":202,"column":8},"end":{"line":202,"column":44}},"87":{"start":{"line":203,"column":8},"end":{"line":203,"column":73}},"88":{"start":{"line":204,"column":8},"end":{"line":204,"column":15}},"89":{"start":{"line":207,"column":4},"end":{"line":217,"column":7}},"90":{"start":{"line":208,"column":6},"end":{"line":216,"column":9}},"91":{"start":{"line":212,"column":8},"end":{"line":212,"column":40}},"92":{"start":{"line":213,"column":8},"end":{"line":213,"column":44}},"93":{"start":{"line":214,"column":8},"end":{"line":214,"column":81}},"94":{"start":{"line":215,"column":8},"end":{"line":215,"column":15}},"95":{"start":{"line":218,"column":4},"end":{"line":234,"column":7}},"96":{"start":{"line":219,"column":6},"end":{"line":233,"column":9}},"97":{"start":{"line":227,"column":8},"end":{"line":227,"column":41}},"98":{"start":{"line":228,"column":8},"end":{"line":228,"column":44}},"99":{"start":{"line":229,"column":8},"end":{"line":229,"column":50}},"100":{"start":{"line":230,"column":8},"end":{"line":230,"column":74}},"101":{"start":{"line":231,"column":8},"end":{"line":231,"column":55}},"102":{"start":{"line":232,"column":8},"end":{"line":232,"column":15}},"103":{"start":{"line":236,"column":2},"end":{"line":256,"column":5}},"104":{"start":{"line":237,"column":4},"end":{"line":246,"column":7}},"105":{"start":{"line":238,"column":6},"end":{"line":245,"column":9}},"106":{"start":{"line":239,"column":8},"end":{"line":239,"column":40}},"107":{"start":{"line":240,"column":8},"end":{"line":240,"column":44}},"108":{"start":{"line":241,"column":8},"end":{"line":241,"column":50}},"109":{"start":{"line":242,"column":8},"end":{"line":242,"column":73}},"110":{"start":{"line":243,"column":8},"end":{"line":243,"column":55}},"111":{"start":{"line":244,"column":8},"end":{"line":244,"column":15}},"112":{"start":{"line":247,"column":4},"end":{"line":255,"column":7}},"113":{"start":{"line":248,"column":6},"end":{"line":254,"column":9}},"114":{"start":{"line":249,"column":8},"end":{"line":249,"column":40}},"115":{"start":{"line":250,"column":8},"end":{"line":250,"column":44}},"116":{"start":{"line":251,"column":8},"end":{"line":251,"column":73}},"117":{"start":{"line":252,"column":8},"end":{"line":252,"column":52}},"118":{"start":{"line":253,"column":8},"end":{"line":253,"column":15}},"119":{"start":{"line":257,"column":2},"end":{"line":277,"column":5}},"120":{"start":{"line":258,"column":4},"end":{"line":267,"column":7}},"121":{"start":{"line":259,"column":6},"end":{"line":266,"column":9}},"122":{"start":{"line":260,"column":8},"end":{"line":260,"column":40}},"123":{"start":{"line":261,"column":8},"end":{"line":261,"column":44}},"124":{"start":{"line":262,"column":8},"end":{"line":262,"column":50}},"125":{"start":{"line":263,"column":8},"end":{"line":263,"column":80}},"126":{"start":{"line":264,"column":8},"end":{"line":264,"column":55}},"127":{"start":{"line":265,"column":8},"end":{"line":265,"column":15}},"128":{"start":{"line":268,"column":4},"end":{"line":276,"column":7}},"129":{"start":{"line":269,"column":6},"end":{"line":275,"column":9}},"130":{"start":{"line":270,"column":8},"end":{"line":270,"column":40}},"131":{"start":{"line":271,"column":8},"end":{"line":271,"column":44}},"132":{"start":{"line":272,"column":8},"end":{"line":272,"column":73}},"133":{"start":{"line":273,"column":8},"end":{"line":273,"column":52}},"134":{"start":{"line":274,"column":8},"end":{"line":274,"column":15}}},"fnMap":{"0":{"name":"_interopRequireDefault","decl":{"start":{"line":19,"column":9},"end":{"line":19,"column":31}},"loc":{"start":{"line":19,"column":37},"end":{"line":19,"column":95}},"line":19},"1":{"name":"(anonymous_1)","decl":{"start":{"line":29,"column":31},"end":{"line":29,"column":32}},"loc":{"start":{"line":29,"column":43},"end":{"line":278,"column":1}},"line":29},"2":{"name":"(anonymous_2)","decl":{"start":{"line":30,"column":9},"end":{"line":30,"column":10}},"loc":{"start":{"line":30,"column":25},"end":{"line":35,"column":3}},"line":30},"3":{"name":"(anonymous_3)","decl":{"start":{"line":31,"column":98},"end":{"line":31,"column":99}},"loc":{"start":{"line":31,"column":118},"end":{"line":34,"column":5}},"line":31},"4":{"name":"(anonymous_4)","decl":{"start":{"line":36,"column":42},"end":{"line":36,"column":43}},"loc":{"start":{"line":36,"column":54},"end":{"line":190,"column":3}},"line":36},"5":{"name":"(anonymous_5)","decl":{"start":{"line":37,"column":59},"end":{"line":37,"column":60}},"loc":{"start":{"line":37,"column":75},"end":{"line":51,"column":5}},"line":37},"6":{"name":"(anonymous_6)","decl":{"start":{"line":45,"column":13},"end":{"line":45,"column":14}},"loc":{"start":{"line":45,"column":33},"end":{"line":50,"column":7}},"line":45},"7":{"name":"(anonymous_7)","decl":{"start":{"line":52,"column":67},"end":{"line":52,"column":68}},"loc":{"start":{"line":52,"column":83},"end":{"line":66,"column":5}},"line":52},"8":{"name":"(anonymous_8)","decl":{"start":{"line":60,"column":13},"end":{"line":60,"column":14}},"loc":{"start":{"line":60,"column":33},"end":{"line":65,"column":7}},"line":60},"9":{"name":"(anonymous_9)","decl":{"start":{"line":67,"column":58},"end":{"line":67,"column":59}},"loc":{"start":{"line":67,"column":74},"end":{"line":81,"column":5}},"line":67},"10":{"name":"(anonymous_10)","decl":{"start":{"line":75,"column":13},"end":{"line":75,"column":14}},"loc":{"start":{"line":75,"column":33},"end":{"line":80,"column":7}},"line":75},"11":{"name":"(anonymous_11)","decl":{"start":{"line":82,"column":63},"end":{"line":82,"column":64}},"loc":{"start":{"line":82,"column":79},"end":{"line":96,"column":5}},"line":82},"12":{"name":"(anonymous_12)","decl":{"start":{"line":90,"column":13},"end":{"line":90,"column":14}},"loc":{"start":{"line":90,"column":33},"end":{"line":95,"column":7}},"line":90},"13":{"name":"(anonymous_13)","decl":{"start":{"line":97,"column":66},"end":{"line":97,"column":67}},"loc":{"start":{"line":97,"column":82},"end":{"line":111,"column":5}},"line":97},"14":{"name":"(anonymous_14)","decl":{"start":{"line":105,"column":13},"end":{"line":105,"column":14}},"loc":{"start":{"line":105,"column":33},"end":{"line":110,"column":7}},"line":105},"15":{"name":"(anonymous_15)","decl":{"start":{"line":112,"column":65},"end":{"line":112,"column":66}},"loc":{"start":{"line":112,"column":81},"end":{"line":126,"column":5}},"line":112},"16":{"name":"(anonymous_16)","decl":{"start":{"line":120,"column":13},"end":{"line":120,"column":14}},"loc":{"start":{"line":120,"column":33},"end":{"line":125,"column":7}},"line":120},"17":{"name":"(anonymous_17)","decl":{"start":{"line":127,"column":66},"end":{"line":127,"column":67}},"loc":{"start":{"line":127,"column":82},"end":{"line":141,"column":5}},"line":127},"18":{"name":"(anonymous_18)","decl":{"start":{"line":135,"column":13},"end":{"line":135,"column":14}},"loc":{"start":{"line":135,"column":33},"end":{"line":140,"column":7}},"line":135},"19":{"name":"(anonymous_19)","decl":{"start":{"line":142,"column":64},"end":{"line":142,"column":65}},"loc":{"start":{"line":142,"column":80},"end":{"line":156,"column":5}},"line":142},"20":{"name":"(anonymous_20)","decl":{"start":{"line":150,"column":13},"end":{"line":150,"column":14}},"loc":{"start":{"line":150,"column":33},"end":{"line":155,"column":7}},"line":150},"21":{"name":"(anonymous_21)","decl":{"start":{"line":157,"column":59},"end":{"line":157,"column":60}},"loc":{"start":{"line":157,"column":75},"end":{"line":172,"column":5}},"line":157},"22":{"name":"(anonymous_22)","decl":{"start":{"line":165,"column":13},"end":{"line":165,"column":14}},"loc":{"start":{"line":165,"column":33},"end":{"line":171,"column":7}},"line":165},"23":{"name":"(anonymous_23)","decl":{"start":{"line":174,"column":59},"end":{"line":174,"column":60}},"loc":{"start":{"line":174,"column":75},"end":{"line":189,"column":5}},"line":174},"24":{"name":"(anonymous_24)","decl":{"start":{"line":182,"column":13},"end":{"line":182,"column":14}},"loc":{"start":{"line":182,"column":33},"end":{"line":188,"column":7}},"line":182},"25":{"name":"(anonymous_25)","decl":{"start":{"line":191,"column":45},"end":{"line":191,"column":46}},"loc":{"start":{"line":191,"column":57},"end":{"line":235,"column":3}},"line":191},"26":{"name":"(anonymous_26)","decl":{"start":{"line":192,"column":68},"end":{"line":192,"column":69}},"loc":{"start":{"line":192,"column":84},"end":{"line":206,"column":5}},"line":192},"27":{"name":"(anonymous_27)","decl":{"start":{"line":200,"column":13},"end":{"line":200,"column":14}},"loc":{"start":{"line":200,"column":33},"end":{"line":205,"column":7}},"line":200},"28":{"name":"(anonymous_28)","decl":{"start":{"line":207,"column":65},"end":{"line":207,"column":66}},"loc":{"start":{"line":207,"column":81},"end":{"line":217,"column":5}},"line":207},"29":{"name":"(anonymous_29)","decl":{"start":{"line":211,"column":13},"end":{"line":211,"column":14}},"loc":{"start":{"line":211,"column":33},"end":{"line":216,"column":7}},"line":211},"30":{"name":"(anonymous_30)","decl":{"start":{"line":218,"column":65},"end":{"line":218,"column":66}},"loc":{"start":{"line":218,"column":81},"end":{"line":234,"column":5}},"line":218},"31":{"name":"(anonymous_31)","decl":{"start":{"line":226,"column":13},"end":{"line":226,"column":14}},"loc":{"start":{"line":226,"column":33},"end":{"line":233,"column":7}},"line":226},"32":{"name":"(anonymous_32)","decl":{"start":{"line":236,"column":41},"end":{"line":236,"column":42}},"loc":{"start":{"line":236,"column":53},"end":{"line":256,"column":3}},"line":236},"33":{"name":"(anonymous_33)","decl":{"start":{"line":237,"column":64},"end":{"line":237,"column":65}},"loc":{"start":{"line":237,"column":80},"end":{"line":246,"column":5}},"line":237},"34":{"name":"(anonymous_34)","decl":{"start":{"line":238,"column":93},"end":{"line":238,"column":94}},"loc":{"start":{"line":238,"column":113},"end":{"line":245,"column":7}},"line":238},"35":{"name":"(anonymous_35)","decl":{"start":{"line":247,"column":72},"end":{"line":247,"column":73}},"loc":{"start":{"line":247,"column":88},"end":{"line":255,"column":5}},"line":247},"36":{"name":"(anonymous_36)","decl":{"start":{"line":248,"column":69},"end":{"line":248,"column":70}},"loc":{"start":{"line":248,"column":89},"end":{"line":254,"column":7}},"line":248},"37":{"name":"(anonymous_37)","decl":{"start":{"line":257,"column":43},"end":{"line":257,"column":44}},"loc":{"start":{"line":257,"column":55},"end":{"line":277,"column":3}},"line":257},"38":{"name":"(anonymous_38)","decl":{"start":{"line":258,"column":68},"end":{"line":258,"column":69}},"loc":{"start":{"line":258,"column":84},"end":{"line":267,"column":5}},"line":258},"39":{"name":"(anonymous_39)","decl":{"start":{"line":259,"column":104},"end":{"line":259,"column":105}},"loc":{"start":{"line":259,"column":124},"end":{"line":266,"column":7}},"line":259},"40":{"name":"(anonymous_40)","decl":{"start":{"line":268,"column":76},"end":{"line":268,"column":77}},"loc":{"start":{"line":268,"column":92},"end":{"line":276,"column":5}},"line":268},"41":{"name":"(anonymous_41)","decl":{"start":{"line":269,"column":80},"end":{"line":269,"column":81}},"loc":{"start":{"line":269,"column":100},"end":{"line":275,"column":7}},"line":269}},"branchMap":{"0":{"loc":{"start":{"line":19,"column":46},"end":{"line":19,"column":92}},"type":"cond-expr","locations":[{"start":{"line":19,"column":70},"end":{"line":19,"column":73}},{"start":{"line":19,"column":76},"end":{"line":19,"column":92}}],"line":19},"1":{"loc":{"start":{"line":19,"column":46},"end":{"line":19,"column":67}},"type":"binary-expr","locations":[{"start":{"line":19,"column":46},"end":{"line":19,"column":49}},{"start":{"line":19,"column":53},"end":{"line":19,"column":67}}],"line":19}},"s":{"0":1,"1":1,"2":1,"3":1,"4":1,"5":1,"6":1,"7":1,"8":4,"9":1,"10":1,"11":1,"12":1,"13":1,"14":1,"15":1,"16":1,"17":1,"18":1,"19":1,"20":1,"21":1,"22":1,"23":1,"24":1,"25":1,"26":1,"27":1,"28":1,"29":1,"30":1,"31":1,"32":1,"33":1,"34":1,"35":1,"36":1,"37":1,"38":1,"39":1,"40":1,"41":1,"42":1,"43":1,"44":1,"45":1,"46":1,"47":1,"48":1,"49":1,"50":1,"51":1,"52":1,"53":1,"54":1,"55":1,"56":1,"57":1,"58":1,"59":1,"60":1,"61":1,"62":1,"63":1,"64":1,"65":1,"66":1,"67":1,"68":1,"69":1,"70":1,"71":1,"72":1,"73":1,"74":1,"75":1,"76":1,"77":1,"78":1,"79":1,"80":1,"81":1,"82":1,"83":1,"84":1,"85":1,"86":1,"87":1,"88":1,"89":1,"90":1,"91":1,"92":1,"93":1,"94":1,"95":1,"96":1,"97":1,"98":1,"99":1,"100":1,"101":1,"102":1,"103":1,"104":1,"105":1,"106":1,"107":1,"108":1,"109":1,"110":1,"111":1,"112":1,"113":1,"114":1,"115":1,"116":1,"117":1,"118":1,"119":1,"120":1,"121":1,"122":1,"123":1,"124":1,"125":1,"126":1,"127":1,"128":1,"129":1,"130":1,"131":1,"132":1,"133":1,"134":1},"f":{"0":4,"1":1,"2":1,"3":1,"4":1,"5":1,"6":1,"7":1,"8":1,"9":1,"10":1,"11":1,"12":1,"13":1,"14":1,"15":1,"16":1,"17":1,"18":1,"19":1,"20":1,"21":1,"22":1,"23":1,"24":1,"25":1,"26":1,"27":1,"28":1,"29":1,"30":1,"31":1,"32":1,"33":1,"34":1,"35":1,"36":1,"37":1,"38":1,"39":1,"40":1,"41":1},"b":{"0":[2,2],"1":[4,4]},"_coverageSchema":"332fd63041d2c1bcb487cc26dd0d5f7d97098a6c","hash":"8abf9c91c463247f90499a5bfbaf55d946f68593","contentHash":"dbdba848884ec9a6bbfd823fa8ac7c61_11.8.0"}}